+ '[' -z '' ']'
+ case "$-" in
+ __lmod_vx=x
+ '[' -n x ']'
+ set +x
Shell debugging temporarily silenced: export LMOD_SH_DBG_ON=1 for this output (/usr/share/lmod/lmod/init/bash)
Shell debugging restarted
+ unset __lmod_vx
+ source /home/energy/amawi/.bashrc
++ '[' -f /etc/bashrc ']'
++ . /etc/bashrc
+++ '[' '' ']'
+++ shopt -q login_shell
+++ '[' 261833 -gt 199 ']'
++++ /usr/bin/id -gn
++++ /usr/bin/id -un
+++ '[' ecsvip = amawi ']'
+++ umask 022
+++ SHELL=/bin/bash
+++ for i in '/etc/profile.d/*.sh'
+++ '[' -r /etc/profile.d/00-modulepath.sh ']'
+++ '[' '' ']'
+++ . /etc/profile.d/00-modulepath.sh
++++ '[' -z /home/modules/modules/all:/etc/modulefiles:/usr/share/modulefiles:/usr/share/modulefiles/Linux:/usr/share/modulefiles/Core:/usr/share/lmod/lmod/modulefiles/Core ']'
++++ :
+++ for i in '/etc/profile.d/*.sh'
+++ '[' -r /etc/profile.d/256term.sh ']'
+++ '[' '' ']'
+++ . /etc/profile.d/256term.sh
++++ local256=
++++ '[' -n '' ']'
++++ '[' -n '' ']'
++++ unset local256
+++ for i in '/etc/profile.d/*.sh'
+++ '[' -r /etc/profile.d/colorgrep.sh ']'
+++ '[' '' ']'
+++ . /etc/profile.d/colorgrep.sh
++++ /usr/libexec/grepconf.sh -c
++++ alias 'grep=grep --color=auto'
++++ alias 'egrep=egrep --color=auto'
++++ alias 'fgrep=fgrep --color=auto'
+++ for i in '/etc/profile.d/*.sh'
+++ '[' -r /etc/profile.d/colorls.sh ']'
+++ '[' '' ']'
+++ . /etc/profile.d/colorls.sh
++++ '[' '!' -t 0 ']'
++++ return
+++ for i in '/etc/profile.d/*.sh'
+++ '[' -r /etc/profile.d/cpu_arch.sh ']'
+++ '[' '' ']'
+++ . /etc/profile.d/cpu_arch.sh
++++ export CPU_ARCH=skylake
++++ CPU_ARCH=skylake
+++ for i in '/etc/profile.d/*.sh'
+++ '[' -r /etc/profile.d/lang.sh ']'
+++ '[' '' ']'
+++ . /etc/profile.d/lang.sh
++++ sourced=0
++++ '[' -n en_US.UTF-8 ']'
++++ saved_lang=en_US.UTF-8
++++ '[' -f /home/energy/amawi/.i18n ']'
++++ LANG=en_US.UTF-8
++++ unset saved_lang
++++ '[' 0 = 1 ']'
++++ unset sourced
++++ unset langfile
+++ for i in '/etc/profile.d/*.sh'
+++ '[' -r /etc/profile.d/less.sh ']'
+++ '[' '' ']'
+++ . /etc/profile.d/less.sh
++++ '[' -x /usr/bin/lesspipe.sh ']'
++++ export 'LESSOPEN=||/usr/bin/lesspipe.sh %s'
++++ LESSOPEN='||/usr/bin/lesspipe.sh %s'
+++ for i in '/etc/profile.d/*.sh'
+++ '[' -r /etc/profile.d/modules.sh ']'
+++ '[' '' ']'
+++ . /etc/profile.d/modules.sh
++++++ /bin/ps -p 53392 -ocomm=
+++++ /bin/basename slurm_script
++++ shell=slurm_script
++++ '[' -f /usr/share/Modules/init/slurm_script ']'
++++ . /usr/share/Modules/init/sh
+++++ MODULESHOME=/usr/share/Modules
+++++ export MODULESHOME
+++++ '[' GCCcore/10.3.0:zlib/1.2.11-GCCcore-10.3.0:binutils/2.36.1-GCCcore-10.3.0:GCC/10.3.0 = '' ']'
+++++ '[' /home/modules/modules/all:/etc/modulefiles:/usr/share/modulefiles:/usr/share/modulefiles/Linux:/usr/share/modulefiles/Core:/usr/share/lmod/lmod/modulefiles/Core = '' ']'
+++ for i in '/etc/profile.d/*.sh'
+++ '[' -r /etc/profile.d/omp_num_threads.sh ']'
+++ '[' '' ']'
+++ . /etc/profile.d/omp_num_threads.sh
++++ export OMP_NUM_THREADS=1
++++ OMP_NUM_THREADS=1
+++ for i in '/etc/profile.d/*.sh'
+++ '[' -r /etc/profile.d/ulimit.sh ']'
+++ '[' '' ']'
+++ . /etc/profile.d/ulimit.sh
++++ ulimit -c 0
+++ for i in '/etc/profile.d/*.sh'
+++ '[' -r /etc/profile.d/which2.sh ']'
+++ '[' '' ']'
+++ . /etc/profile.d/which2.sh
++++ alias 'which=alias | /usr/bin/which --tty-only --read-alias --show-dot --show-tilde'
+++ for i in '/etc/profile.d/*.sh'
+++ '[' -r /etc/profile.d/z00_lmod.sh ']'
+++ '[' '' ']'
+++ . /etc/profile.d/z00_lmod.sh
++++ . /etc/profile.d/00-modulepath.sh
+++++ '[' -z /home/modules/modules/all:/etc/modulefiles:/usr/share/modulefiles:/usr/share/modulefiles/Linux:/usr/share/modulefiles/Core:/usr/share/lmod/lmod/modulefiles/Core ']'
+++++ :
++++ '[' -z '' ']'
++++ '[' -z /usr/share/modulefiles ']'
++++ PS_CMD=/usr/bin/ps
++++ '[' '!' -x /usr/bin/ps ']'
++++ EXPR_CMD=/usr/bin/expr
++++ '[' '!' -x /usr/bin/expr ']'
++++ BASENAME_CMD=/usr/bin/basename
++++ '[' '!' -x /usr/bin/basename ']'
+++++ /usr/bin/ps -p 53392 -ocomm=
++++ my_shell=slurm_script
+++++ /usr/bin/expr slurm_script : '-*\(.*\)'
++++ my_shell=slurm_script
+++++ /usr/bin/basename slurm_script
++++ my_shell=slurm_script
++++ '[' -f /usr/share/lmod/lmod/init/slurm_script ']'
++++ . /usr/share/lmod/lmod/init/sh
+++++ LMOD_ROOT=/usr/share/lmod
+++++ LMOD_PKG=/usr/share/lmod/lmod
+++++ LMOD_DIR=/usr/share/lmod/lmod/libexec/
+++++ LMOD_CMD=/usr/share/lmod/lmod/libexec/lmod
+++++ MODULESHOME=/usr/share/lmod/lmod
+++++ export LMOD_CMD
+++++ export LMOD_PKG
+++++ export LMOD_DIR
+++++ export MODULESHOME
+++++ export LMOD_DIR
++++ unset my_shell PS_CMD EXPR_CMD BASENAME_CMD MODULEPATH_INIT
+++ for i in '/etc/profile.d/*.sh'
+++ '[' -r /etc/profile.d/z01_EasyBuild.sh ']'
+++ '[' '' ']'
+++ . /etc/profile.d/z01_EasyBuild.sh
++++ '[' -z 1 ']'
++++ module refresh
+++++ /usr/share/lmod/lmod/libexec/lmod sh refresh
++++ eval 'MODULEPATH=/home/modules/modules/all:/etc/modulefiles:/usr/share/modulefiles:/usr/share/modulefiles/Linux:/usr/share/modulefiles/Core:/usr/share/lmod/lmod/modulefiles/Core;' export 'MODULEPATH;' '_ModuleTable001_=X01vZHVsZVRhYmxlXz17WyJNVHZlcnNpb24iXT0zLFsiY19yZWJ1aWxkVGltZSJdPWZhbHNlLFsiY19zaG9ydFRpbWUiXT1mYWxzZSxkZXB0aFQ9e30sZmFtaWx5PXt9LG1UPXtHQ0M9e1siZm4iXT0iL2hvbWUvbW9kdWxlcy9tb2R1bGVzL2FsbC9HQ0MvMTAuMy4wLmx1YSIsWyJmdWxsTmFtZSJdPSJHQ0MvMTAuMy4wIixbImxvYWRPcmRlciJdPTQscHJvcFQ9e30sWyJzdGFja0RlcHRoIl09MCxbInN0YXR1cyJdPSJhY3RpdmUiLFsidXNlck5hbWUiXT0iR0NDLzEwLjMuMCIsfSxHQ0Njb3JlPXtbImZuIl09Ii9ob21lL21vZHVsZXMvbW9kdWxlcy9hbGwvR0NDY29yZS8xMC4zLjAubHVhIixbImZ1bGxOYW1lIl09IkdDQ2NvcmUvMTAuMy4wIixbImxvYWRPcmRlciJdPTEscHJv;' export '_ModuleTable001_;' '_ModuleTable002_=cFQ9e30sWyJzdGFja0RlcHRoIl09MSxbInN0YXR1cyJdPSJhY3RpdmUiLFsidXNlck5hbWUiXT0iR0NDY29yZS8xMC4zLjAiLH0sYmludXRpbHM9e1siZm4iXT0iL2hvbWUvbW9kdWxlcy9tb2R1bGVzL2FsbC9iaW51dGlscy8yLjM2LjEtR0NDY29yZS0xMC4zLjAubHVhIixbImZ1bGxOYW1lIl09ImJpbnV0aWxzLzIuMzYuMS1HQ0Njb3JlLTEwLjMuMCIsWyJsb2FkT3JkZXIiXT0zLHByb3BUPXt9LFsic3RhY2tEZXB0aCJdPTEsWyJzdGF0dXMiXT0iYWN0aXZlIixbInVzZXJOYW1lIl09ImJpbnV0aWxzLzIuMzYuMS1HQ0Njb3JlLTEwLjMuMCIsfSx6bGliPXtbImZuIl09Ii9ob21lL21vZHVsZXMvbW9kdWxlcy9hbGwvemxpYi8xLjIuMTEtR0NDY29yZS0xMC4zLjAubHVhIixb;' export '_ModuleTable002_;' '_ModuleTable003_=ImZ1bGxOYW1lIl09InpsaWIvMS4yLjExLUdDQ2NvcmUtMTAuMy4wIixbImxvYWRPcmRlciJdPTIscHJvcFQ9e30sWyJzdGFja0RlcHRoIl09MixbInN0YXR1cyJdPSJhY3RpdmUiLFsidXNlck5hbWUiXT0iemxpYi8xLjIuMTEtR0NDY29yZS0xMC4zLjAiLH0sfSxtcGF0aEE9eyIvaG9tZS9tb2R1bGVzL21vZHVsZXMvYWxsIiwiL2V0Yy9tb2R1bGVmaWxlcyIsIi91c3Ivc2hhcmUvbW9kdWxlZmlsZXMiLCIvdXNyL3NoYXJlL21vZHVsZWZpbGVzL0xpbnV4IiwiL3Vzci9zaGFyZS9tb2R1bGVmaWxlcy9Db3JlIiwiL3Vzci9zaGFyZS9sbW9kL2xtb2QvbW9kdWxlZmlsZXMvQ29yZSIsfSxbInN5c3RlbUJhc2VNUEFUSCJdPSIvZXRjL21vZHVsZWZpbGVzOi91c3Ivc2hhcmUvbW9k;' export '_ModuleTable003_;' '_ModuleTable004_=dWxlZmlsZXM6L3Vzci9zaGFyZS9tb2R1bGVmaWxlcy9MaW51eDovdXNyL3NoYXJlL21vZHVsZWZpbGVzL0NvcmU6L3Vzci9zaGFyZS9sbW9kL2xtb2QvbW9kdWxlZmlsZXMvQ29yZSIsfQ==;' export '_ModuleTable004_;' '_ModuleTable_Sz_=4;' export '_ModuleTable_Sz_;'
+++++ MODULEPATH=/home/modules/modules/all:/etc/modulefiles:/usr/share/modulefiles:/usr/share/modulefiles/Linux:/usr/share/modulefiles/Core:/usr/share/lmod/lmod/modulefiles/Core
+++++ export MODULEPATH
+++++ _ModuleTable001_=X01vZHVsZVRhYmxlXz17WyJNVHZlcnNpb24iXT0zLFsiY19yZWJ1aWxkVGltZSJdPWZhbHNlLFsiY19zaG9ydFRpbWUiXT1mYWxzZSxkZXB0aFQ9e30sZmFtaWx5PXt9LG1UPXtHQ0M9e1siZm4iXT0iL2hvbWUvbW9kdWxlcy9tb2R1bGVzL2FsbC9HQ0MvMTAuMy4wLmx1YSIsWyJmdWxsTmFtZSJdPSJHQ0MvMTAuMy4wIixbImxvYWRPcmRlciJdPTQscHJvcFQ9e30sWyJzdGFja0RlcHRoIl09MCxbInN0YXR1cyJdPSJhY3RpdmUiLFsidXNlck5hbWUiXT0iR0NDLzEwLjMuMCIsfSxHQ0Njb3JlPXtbImZuIl09Ii9ob21lL21vZHVsZXMvbW9kdWxlcy9hbGwvR0NDY29yZS8xMC4zLjAubHVhIixbImZ1bGxOYW1lIl09IkdDQ2NvcmUvMTAuMy4wIixbImxvYWRPcmRlciJdPTEscHJv
+++++ export _ModuleTable001_
+++++ _ModuleTable002_=cFQ9e30sWyJzdGFja0RlcHRoIl09MSxbInN0YXR1cyJdPSJhY3RpdmUiLFsidXNlck5hbWUiXT0iR0NDY29yZS8xMC4zLjAiLH0sYmludXRpbHM9e1siZm4iXT0iL2hvbWUvbW9kdWxlcy9tb2R1bGVzL2FsbC9iaW51dGlscy8yLjM2LjEtR0NDY29yZS0xMC4zLjAubHVhIixbImZ1bGxOYW1lIl09ImJpbnV0aWxzLzIuMzYuMS1HQ0Njb3JlLTEwLjMuMCIsWyJsb2FkT3JkZXIiXT0zLHByb3BUPXt9LFsic3RhY2tEZXB0aCJdPTEsWyJzdGF0dXMiXT0iYWN0aXZlIixbInVzZXJOYW1lIl09ImJpbnV0aWxzLzIuMzYuMS1HQ0Njb3JlLTEwLjMuMCIsfSx6bGliPXtbImZuIl09Ii9ob21lL21vZHVsZXMvbW9kdWxlcy9hbGwvemxpYi8xLjIuMTEtR0NDY29yZS0xMC4zLjAubHVhIixb
+++++ export _ModuleTable002_
+++++ _ModuleTable003_=ImZ1bGxOYW1lIl09InpsaWIvMS4yLjExLUdDQ2NvcmUtMTAuMy4wIixbImxvYWRPcmRlciJdPTIscHJvcFQ9e30sWyJzdGFja0RlcHRoIl09MixbInN0YXR1cyJdPSJhY3RpdmUiLFsidXNlck5hbWUiXT0iemxpYi8xLjIuMTEtR0NDY29yZS0xMC4zLjAiLH0sfSxtcGF0aEE9eyIvaG9tZS9tb2R1bGVzL21vZHVsZXMvYWxsIiwiL2V0Yy9tb2R1bGVmaWxlcyIsIi91c3Ivc2hhcmUvbW9kdWxlZmlsZXMiLCIvdXNyL3NoYXJlL21vZHVsZWZpbGVzL0xpbnV4IiwiL3Vzci9zaGFyZS9tb2R1bGVmaWxlcy9Db3JlIiwiL3Vzci9zaGFyZS9sbW9kL2xtb2QvbW9kdWxlZmlsZXMvQ29yZSIsfSxbInN5c3RlbUJhc2VNUEFUSCJdPSIvZXRjL21vZHVsZWZpbGVzOi91c3Ivc2hhcmUvbW9k
+++++ export _ModuleTable003_
+++++ _ModuleTable004_=dWxlZmlsZXM6L3Vzci9zaGFyZS9tb2R1bGVmaWxlcy9MaW51eDovdXNyL3NoYXJlL21vZHVsZWZpbGVzL0NvcmU6L3Vzci9zaGFyZS9sbW9kL2xtb2QvbW9kdWxlZmlsZXMvQ29yZSIsfQ==
+++++ export _ModuleTable004_
+++++ _ModuleTable_Sz_=4
+++++ export _ModuleTable_Sz_
+++ unset i
+++ unset -f pathmunge
++ [[ /usr/local/cuda:/home/modules/software/binutils/2.36.1-GCCcore-10.3.0/bin:/home/modules/software/GCCcore/10.3.0/bin:/home/energy/amawi/miniconda3/envs/pansatz/bin:/home/energy/amawi/miniconda3/condabin:/home/energy/amawi/.local/bin:/home/energy/amawi/bin:/usr/local/bin:/usr/bin:/usr/local/sbin:/usr/sbin:/opt/dell/srvadmin/bin =~ /home/energy/amawi/\.local/bin:/home/energy/amawi/bin: ]]
++ export PATH
+++ /home/energy/amawi/miniconda3/bin/conda shell.bash hook
++ __conda_setup='export CONDA_EXE='\''/home/energy/amawi/miniconda3/bin/conda'\''
export _CE_M='\'''\''
export _CE_CONDA='\'''\''
export CONDA_PYTHON_EXE='\''/home/energy/amawi/miniconda3/bin/python'\''

# Copyright (C) 2012 Anaconda, Inc
# SPDX-License-Identifier: BSD-3-Clause

__add_sys_prefix_to_path() {
    # In dev-mode CONDA_EXE is python.exe and on Windows
    # it is in a different relative location to condabin.
    if [ -n "${_CE_CONDA}" ] && [ -n "${WINDIR+x}" ]; then
        SYSP=$(\dirname "${CONDA_EXE}")
    else
        SYSP=$(\dirname "${CONDA_EXE}")
        SYSP=$(\dirname "${SYSP}")
    fi

    if [ -n "${WINDIR+x}" ]; then
        PATH="${SYSP}/bin:${PATH}"
        PATH="${SYSP}/Scripts:${PATH}"
        PATH="${SYSP}/Library/bin:${PATH}"
        PATH="${SYSP}/Library/usr/bin:${PATH}"
        PATH="${SYSP}/Library/mingw-w64/bin:${PATH}"
        PATH="${SYSP}:${PATH}"
    else
        PATH="${SYSP}/bin:${PATH}"
    fi
    \export PATH
}

__conda_exe() (
    __add_sys_prefix_to_path
    "$CONDA_EXE" $_CE_M $_CE_CONDA "$@"
)

__conda_hashr() {
    if [ -n "${ZSH_VERSION:+x}" ]; then
        \rehash
    elif [ -n "${POSH_VERSION:+x}" ]; then
        :  # pass
    else
        \hash -r
    fi
}

__conda_activate() {
    if [ -n "${CONDA_PS1_BACKUP:+x}" ]; then
        # Handle transition from shell activated with conda <= 4.3 to a subsequent activation
        # after conda updated to >= 4.4. See issue #6173.
        PS1="$CONDA_PS1_BACKUP"
        \unset CONDA_PS1_BACKUP
    fi
    \local ask_conda
    ask_conda="$(PS1="${PS1:-}" __conda_exe shell.posix "$@")" || \return
    \eval "$ask_conda"
    __conda_hashr
}

__conda_reactivate() {
    \local ask_conda
    ask_conda="$(PS1="${PS1:-}" __conda_exe shell.posix reactivate)" || \return
    \eval "$ask_conda"
    __conda_hashr
}

conda() {
    \local cmd="${1-__missing__}"
    case "$cmd" in
        activate|deactivate)
            __conda_activate "$@"
            ;;
        install|update|upgrade|remove|uninstall)
            __conda_exe "$@" || \return
            __conda_reactivate
            ;;
        *)
            __conda_exe "$@"
            ;;
    esac
}

if [ -z "${CONDA_SHLVL+x}" ]; then
    \export CONDA_SHLVL=0
    # In dev-mode CONDA_EXE is python.exe and on Windows
    # it is in a different relative location to condabin.
    if [ -n "${_CE_CONDA:+x}" ] && [ -n "${WINDIR+x}" ]; then
        PATH="$(\dirname "$CONDA_EXE")/condabin${PATH:+":${PATH}"}"
    else
        PATH="$(\dirname "$(\dirname "$CONDA_EXE")")/condabin${PATH:+":${PATH}"}"
    fi
    \export PATH

    # We'\''re not allowing PS1 to be unbound. It must at least be set.
    # However, we'\''re not exporting it, which can cause problems when starting a second shell
    # via a first shell (i.e. starting zsh from bash).
    if [ -z "${PS1+x}" ]; then
        PS1=
    fi
fi

conda activate base'
++ '[' 0 -eq 0 ']'
++ eval 'export CONDA_EXE='\''/home/energy/amawi/miniconda3/bin/conda'\''
export _CE_M='\'''\''
export _CE_CONDA='\'''\''
export CONDA_PYTHON_EXE='\''/home/energy/amawi/miniconda3/bin/python'\''

# Copyright (C) 2012 Anaconda, Inc
# SPDX-License-Identifier: BSD-3-Clause

__add_sys_prefix_to_path() {
    # In dev-mode CONDA_EXE is python.exe and on Windows
    # it is in a different relative location to condabin.
    if [ -n "${_CE_CONDA}" ] && [ -n "${WINDIR+x}" ]; then
        SYSP=$(\dirname "${CONDA_EXE}")
    else
        SYSP=$(\dirname "${CONDA_EXE}")
        SYSP=$(\dirname "${SYSP}")
    fi

    if [ -n "${WINDIR+x}" ]; then
        PATH="${SYSP}/bin:${PATH}"
        PATH="${SYSP}/Scripts:${PATH}"
        PATH="${SYSP}/Library/bin:${PATH}"
        PATH="${SYSP}/Library/usr/bin:${PATH}"
        PATH="${SYSP}/Library/mingw-w64/bin:${PATH}"
        PATH="${SYSP}:${PATH}"
    else
        PATH="${SYSP}/bin:${PATH}"
    fi
    \export PATH
}

__conda_exe() (
    __add_sys_prefix_to_path
    "$CONDA_EXE" $_CE_M $_CE_CONDA "$@"
)

__conda_hashr() {
    if [ -n "${ZSH_VERSION:+x}" ]; then
        \rehash
    elif [ -n "${POSH_VERSION:+x}" ]; then
        :  # pass
    else
        \hash -r
    fi
}

__conda_activate() {
    if [ -n "${CONDA_PS1_BACKUP:+x}" ]; then
        # Handle transition from shell activated with conda <= 4.3 to a subsequent activation
        # after conda updated to >= 4.4. See issue #6173.
        PS1="$CONDA_PS1_BACKUP"
        \unset CONDA_PS1_BACKUP
    fi
    \local ask_conda
    ask_conda="$(PS1="${PS1:-}" __conda_exe shell.posix "$@")" || \return
    \eval "$ask_conda"
    __conda_hashr
}

__conda_reactivate() {
    \local ask_conda
    ask_conda="$(PS1="${PS1:-}" __conda_exe shell.posix reactivate)" || \return
    \eval "$ask_conda"
    __conda_hashr
}

conda() {
    \local cmd="${1-__missing__}"
    case "$cmd" in
        activate|deactivate)
            __conda_activate "$@"
            ;;
        install|update|upgrade|remove|uninstall)
            __conda_exe "$@" || \return
            __conda_reactivate
            ;;
        *)
            __conda_exe "$@"
            ;;
    esac
}

if [ -z "${CONDA_SHLVL+x}" ]; then
    \export CONDA_SHLVL=0
    # In dev-mode CONDA_EXE is python.exe and on Windows
    # it is in a different relative location to condabin.
    if [ -n "${_CE_CONDA:+x}" ] && [ -n "${WINDIR+x}" ]; then
        PATH="$(\dirname "$CONDA_EXE")/condabin${PATH:+":${PATH}"}"
    else
        PATH="$(\dirname "$(\dirname "$CONDA_EXE")")/condabin${PATH:+":${PATH}"}"
    fi
    \export PATH

    # We'\''re not allowing PS1 to be unbound. It must at least be set.
    # However, we'\''re not exporting it, which can cause problems when starting a second shell
    # via a first shell (i.e. starting zsh from bash).
    if [ -z "${PS1+x}" ]; then
        PS1=
    fi
fi

conda activate base'
+++ export CONDA_EXE=/home/energy/amawi/miniconda3/bin/conda
+++ CONDA_EXE=/home/energy/amawi/miniconda3/bin/conda
+++ export _CE_M=
+++ _CE_M=
+++ export _CE_CONDA=
+++ _CE_CONDA=
+++ export CONDA_PYTHON_EXE=/home/energy/amawi/miniconda3/bin/python
+++ CONDA_PYTHON_EXE=/home/energy/amawi/miniconda3/bin/python
+++ '[' -z x ']'
+++ conda activate base
+++ local cmd=activate
+++ case "$cmd" in
+++ __conda_activate activate base
+++ '[' -n '' ']'
+++ local ask_conda
++++ PS1=
++++ __conda_exe shell.posix activate base
++++ __add_sys_prefix_to_path
++++ '[' -n '' ']'
+++++ dirname /home/energy/amawi/miniconda3/bin/conda
++++ SYSP=/home/energy/amawi/miniconda3/bin
+++++ dirname /home/energy/amawi/miniconda3/bin
++++ SYSP=/home/energy/amawi/miniconda3
++++ '[' -n '' ']'
++++ PATH=/home/energy/amawi/miniconda3/bin:/usr/local/cuda:/home/modules/software/binutils/2.36.1-GCCcore-10.3.0/bin:/home/modules/software/GCCcore/10.3.0/bin:/home/energy/amawi/miniconda3/envs/pansatz/bin:/home/energy/amawi/miniconda3/condabin:/home/energy/amawi/.local/bin:/home/energy/amawi/bin:/usr/local/bin:/usr/bin:/usr/local/sbin:/usr/sbin:/opt/dell/srvadmin/bin
++++ export PATH
++++ /home/energy/amawi/miniconda3/bin/conda shell.posix activate base
+++ ask_conda='export PATH='\''/usr/local/cuda:/home/modules/software/binutils/2.36.1-GCCcore-10.3.0/bin:/home/modules/software/GCCcore/10.3.0/bin:/home/energy/amawi/miniconda3/bin:/home/energy/amawi/miniconda3/condabin:/home/energy/amawi/.local/bin:/home/energy/amawi/bin:/usr/local/bin:/usr/bin:/usr/local/sbin:/usr/sbin:/opt/dell/srvadmin/bin'\''
unset CONDA_PREFIX_1
PS1='\''(base) '\''
export CONDA_PREFIX='\''/home/energy/amawi/miniconda3'\''
export CONDA_SHLVL='\''1'\''
export CONDA_DEFAULT_ENV='\''base'\''
export CONDA_PROMPT_MODIFIER='\''(base) '\''
export CONDA_EXE='\''/home/energy/amawi/miniconda3/bin/conda'\''
export _CE_M='\'''\''
export _CE_CONDA='\'''\''
export CONDA_PYTHON_EXE='\''/home/energy/amawi/miniconda3/bin/python'\'''
+++ eval 'export PATH='\''/usr/local/cuda:/home/modules/software/binutils/2.36.1-GCCcore-10.3.0/bin:/home/modules/software/GCCcore/10.3.0/bin:/home/energy/amawi/miniconda3/bin:/home/energy/amawi/miniconda3/condabin:/home/energy/amawi/.local/bin:/home/energy/amawi/bin:/usr/local/bin:/usr/bin:/usr/local/sbin:/usr/sbin:/opt/dell/srvadmin/bin'\''
unset CONDA_PREFIX_1
PS1='\''(base) '\''
export CONDA_PREFIX='\''/home/energy/amawi/miniconda3'\''
export CONDA_SHLVL='\''1'\''
export CONDA_DEFAULT_ENV='\''base'\''
export CONDA_PROMPT_MODIFIER='\''(base) '\''
export CONDA_EXE='\''/home/energy/amawi/miniconda3/bin/conda'\''
export _CE_M='\'''\''
export _CE_CONDA='\'''\''
export CONDA_PYTHON_EXE='\''/home/energy/amawi/miniconda3/bin/python'\'''
++++ export PATH=/usr/local/cuda:/home/modules/software/binutils/2.36.1-GCCcore-10.3.0/bin:/home/modules/software/GCCcore/10.3.0/bin:/home/energy/amawi/miniconda3/bin:/home/energy/amawi/miniconda3/condabin:/home/energy/amawi/.local/bin:/home/energy/amawi/bin:/usr/local/bin:/usr/bin:/usr/local/sbin:/usr/sbin:/opt/dell/srvadmin/bin
++++ PATH=/usr/local/cuda:/home/modules/software/binutils/2.36.1-GCCcore-10.3.0/bin:/home/modules/software/GCCcore/10.3.0/bin:/home/energy/amawi/miniconda3/bin:/home/energy/amawi/miniconda3/condabin:/home/energy/amawi/.local/bin:/home/energy/amawi/bin:/usr/local/bin:/usr/bin:/usr/local/sbin:/usr/sbin:/opt/dell/srvadmin/bin
++++ unset CONDA_PREFIX_1
++++ PS1='(base) '
++++ export CONDA_PREFIX=/home/energy/amawi/miniconda3
++++ CONDA_PREFIX=/home/energy/amawi/miniconda3
++++ export CONDA_SHLVL=1
++++ CONDA_SHLVL=1
++++ export CONDA_DEFAULT_ENV=base
++++ CONDA_DEFAULT_ENV=base
++++ export 'CONDA_PROMPT_MODIFIER=(base) '
++++ CONDA_PROMPT_MODIFIER='(base) '
++++ export CONDA_EXE=/home/energy/amawi/miniconda3/bin/conda
++++ CONDA_EXE=/home/energy/amawi/miniconda3/bin/conda
++++ export _CE_M=
++++ _CE_M=
++++ export _CE_CONDA=
++++ _CE_CONDA=
++++ export CONDA_PYTHON_EXE=/home/energy/amawi/miniconda3/bin/python
++++ CONDA_PYTHON_EXE=/home/energy/amawi/miniconda3/bin/python
+++ __conda_hashr
+++ '[' -n '' ']'
+++ '[' -n '' ']'
+++ hash -r
++ unset __conda_setup
++ module load GCC/10.3.0
+++ /usr/share/lmod/lmod/libexec/lmod sh load GCC/10.3.0
++ eval 'EBDEVELGCC=/home/modules/software/GCC/10.3.0/easybuild/GCC-10.3.0-easybuild-devel;' export 'EBDEVELGCC;' 'EBROOTGCC=/home/modules/software/GCCcore/10.3.0;' export 'EBROOTGCC;' 'EBVERSIONGCC=10.3.0;' export 'EBVERSIONGCC;' 'LOADEDMODULES=GCCcore/10.3.0:zlib/1.2.11-GCCcore-10.3.0:binutils/2.36.1-GCCcore-10.3.0:GCC/10.3.0;' export 'LOADEDMODULES;' 'MODULEPATH=/home/modules/modules/all:/etc/modulefiles:/usr/share/modulefiles:/usr/share/modulefiles/Linux:/usr/share/modulefiles/Core:/usr/share/lmod/lmod/modulefiles/Core;' export 'MODULEPATH;' '_LMFILES_=/home/modules/modules/all/GCCcore/10.3.0.lua:/home/modules/modules/all/zlib/1.2.11-GCCcore-10.3.0.lua:/home/modules/modules/all/binutils/2.36.1-GCCcore-10.3.0.lua:/home/modules/modules/all/GCC/10.3.0.lua;' export '_LMFILES_;' '_ModuleTable001_=X01vZHVsZVRhYmxlXz17WyJNVHZlcnNpb24iXT0zLFsiY19yZWJ1aWxkVGltZSJdPWZhbHNlLFsiY19zaG9ydFRpbWUiXT1mYWxzZSxkZXB0aFQ9e30sZmFtaWx5PXt9LG1UPXtHQ0M9e1siZm4iXT0iL2hvbWUvbW9kdWxlcy9tb2R1bGVzL2FsbC9HQ0MvMTAuMy4wLmx1YSIsWyJmdWxsTmFtZSJdPSJHQ0MvMTAuMy4wIixbImxvYWRPcmRlciJdPTQscHJvcFQ9e30sWyJzdGFja0RlcHRoIl09MCxbInN0YXR1cyJdPSJhY3RpdmUiLFsidXNlck5hbWUiXT0iR0NDLzEwLjMuMCIsfSxHQ0Njb3JlPXtbImZuIl09Ii9ob21lL21vZHVsZXMvbW9kdWxlcy9hbGwvR0NDY29yZS8xMC4zLjAubHVhIixbImZ1bGxOYW1lIl09IkdDQ2NvcmUvMTAuMy4wIixbImxvYWRPcmRlciJdPTEscHJv;' export '_ModuleTable001_;' '_ModuleTable002_=cFQ9e30sWyJzdGFja0RlcHRoIl09MSxbInN0YXR1cyJdPSJhY3RpdmUiLFsidXNlck5hbWUiXT0iR0NDY29yZS8xMC4zLjAiLH0sYmludXRpbHM9e1siZm4iXT0iL2hvbWUvbW9kdWxlcy9tb2R1bGVzL2FsbC9iaW51dGlscy8yLjM2LjEtR0NDY29yZS0xMC4zLjAubHVhIixbImZ1bGxOYW1lIl09ImJpbnV0aWxzLzIuMzYuMS1HQ0Njb3JlLTEwLjMuMCIsWyJsb2FkT3JkZXIiXT0zLHByb3BUPXt9LFsic3RhY2tEZXB0aCJdPTEsWyJzdGF0dXMiXT0iYWN0aXZlIixbInVzZXJOYW1lIl09ImJpbnV0aWxzLzIuMzYuMS1HQ0Njb3JlLTEwLjMuMCIsfSx6bGliPXtbImZuIl09Ii9ob21lL21vZHVsZXMvbW9kdWxlcy9hbGwvemxpYi8xLjIuMTEtR0NDY29yZS0xMC4zLjAubHVhIixb;' export '_ModuleTable002_;' '_ModuleTable003_=ImZ1bGxOYW1lIl09InpsaWIvMS4yLjExLUdDQ2NvcmUtMTAuMy4wIixbImxvYWRPcmRlciJdPTIscHJvcFQ9e30sWyJzdGFja0RlcHRoIl09MixbInN0YXR1cyJdPSJhY3RpdmUiLFsidXNlck5hbWUiXT0iemxpYi8xLjIuMTEtR0NDY29yZS0xMC4zLjAiLH0sfSxtcGF0aEE9eyIvaG9tZS9tb2R1bGVzL21vZHVsZXMvYWxsIiwiL2V0Yy9tb2R1bGVmaWxlcyIsIi91c3Ivc2hhcmUvbW9kdWxlZmlsZXMiLCIvdXNyL3NoYXJlL21vZHVsZWZpbGVzL0xpbnV4IiwiL3Vzci9zaGFyZS9tb2R1bGVmaWxlcy9Db3JlIiwiL3Vzci9zaGFyZS9sbW9kL2xtb2QvbW9kdWxlZmlsZXMvQ29yZSIsfSxbInN5c3RlbUJhc2VNUEFUSCJdPSIvZXRjL21vZHVsZWZpbGVzOi91c3Ivc2hhcmUvbW9k;' export '_ModuleTable003_;' '_ModuleTable004_=dWxlZmlsZXM6L3Vzci9zaGFyZS9tb2R1bGVmaWxlcy9MaW51eDovdXNyL3NoYXJlL21vZHVsZWZpbGVzL0NvcmU6L3Vzci9zaGFyZS9sbW9kL2xtb2QvbW9kdWxlZmlsZXMvQ29yZSIsfQ==;' export '_ModuleTable004_;' '_ModuleTable_Sz_=4;' export '_ModuleTable_Sz_;'
+++ EBDEVELGCC=/home/modules/software/GCC/10.3.0/easybuild/GCC-10.3.0-easybuild-devel
+++ export EBDEVELGCC
+++ EBROOTGCC=/home/modules/software/GCCcore/10.3.0
+++ export EBROOTGCC
+++ EBVERSIONGCC=10.3.0
+++ export EBVERSIONGCC
+++ LOADEDMODULES=GCCcore/10.3.0:zlib/1.2.11-GCCcore-10.3.0:binutils/2.36.1-GCCcore-10.3.0:GCC/10.3.0
+++ export LOADEDMODULES
+++ MODULEPATH=/home/modules/modules/all:/etc/modulefiles:/usr/share/modulefiles:/usr/share/modulefiles/Linux:/usr/share/modulefiles/Core:/usr/share/lmod/lmod/modulefiles/Core
+++ export MODULEPATH
+++ _LMFILES_=/home/modules/modules/all/GCCcore/10.3.0.lua:/home/modules/modules/all/zlib/1.2.11-GCCcore-10.3.0.lua:/home/modules/modules/all/binutils/2.36.1-GCCcore-10.3.0.lua:/home/modules/modules/all/GCC/10.3.0.lua
+++ export _LMFILES_
+++ _ModuleTable001_=X01vZHVsZVRhYmxlXz17WyJNVHZlcnNpb24iXT0zLFsiY19yZWJ1aWxkVGltZSJdPWZhbHNlLFsiY19zaG9ydFRpbWUiXT1mYWxzZSxkZXB0aFQ9e30sZmFtaWx5PXt9LG1UPXtHQ0M9e1siZm4iXT0iL2hvbWUvbW9kdWxlcy9tb2R1bGVzL2FsbC9HQ0MvMTAuMy4wLmx1YSIsWyJmdWxsTmFtZSJdPSJHQ0MvMTAuMy4wIixbImxvYWRPcmRlciJdPTQscHJvcFQ9e30sWyJzdGFja0RlcHRoIl09MCxbInN0YXR1cyJdPSJhY3RpdmUiLFsidXNlck5hbWUiXT0iR0NDLzEwLjMuMCIsfSxHQ0Njb3JlPXtbImZuIl09Ii9ob21lL21vZHVsZXMvbW9kdWxlcy9hbGwvR0NDY29yZS8xMC4zLjAubHVhIixbImZ1bGxOYW1lIl09IkdDQ2NvcmUvMTAuMy4wIixbImxvYWRPcmRlciJdPTEscHJv
+++ export _ModuleTable001_
+++ _ModuleTable002_=cFQ9e30sWyJzdGFja0RlcHRoIl09MSxbInN0YXR1cyJdPSJhY3RpdmUiLFsidXNlck5hbWUiXT0iR0NDY29yZS8xMC4zLjAiLH0sYmludXRpbHM9e1siZm4iXT0iL2hvbWUvbW9kdWxlcy9tb2R1bGVzL2FsbC9iaW51dGlscy8yLjM2LjEtR0NDY29yZS0xMC4zLjAubHVhIixbImZ1bGxOYW1lIl09ImJpbnV0aWxzLzIuMzYuMS1HQ0Njb3JlLTEwLjMuMCIsWyJsb2FkT3JkZXIiXT0zLHByb3BUPXt9LFsic3RhY2tEZXB0aCJdPTEsWyJzdGF0dXMiXT0iYWN0aXZlIixbInVzZXJOYW1lIl09ImJpbnV0aWxzLzIuMzYuMS1HQ0Njb3JlLTEwLjMuMCIsfSx6bGliPXtbImZuIl09Ii9ob21lL21vZHVsZXMvbW9kdWxlcy9hbGwvemxpYi8xLjIuMTEtR0NDY29yZS0xMC4zLjAubHVhIixb
+++ export _ModuleTable002_
+++ _ModuleTable003_=ImZ1bGxOYW1lIl09InpsaWIvMS4yLjExLUdDQ2NvcmUtMTAuMy4wIixbImxvYWRPcmRlciJdPTIscHJvcFQ9e30sWyJzdGFja0RlcHRoIl09MixbInN0YXR1cyJdPSJhY3RpdmUiLFsidXNlck5hbWUiXT0iemxpYi8xLjIuMTEtR0NDY29yZS0xMC4zLjAiLH0sfSxtcGF0aEE9eyIvaG9tZS9tb2R1bGVzL21vZHVsZXMvYWxsIiwiL2V0Yy9tb2R1bGVmaWxlcyIsIi91c3Ivc2hhcmUvbW9kdWxlZmlsZXMiLCIvdXNyL3NoYXJlL21vZHVsZWZpbGVzL0xpbnV4IiwiL3Vzci9zaGFyZS9tb2R1bGVmaWxlcy9Db3JlIiwiL3Vzci9zaGFyZS9sbW9kL2xtb2QvbW9kdWxlZmlsZXMvQ29yZSIsfSxbInN5c3RlbUJhc2VNUEFUSCJdPSIvZXRjL21vZHVsZWZpbGVzOi91c3Ivc2hhcmUvbW9k
+++ export _ModuleTable003_
+++ _ModuleTable004_=dWxlZmlsZXM6L3Vzci9zaGFyZS9tb2R1bGVmaWxlcy9MaW51eDovdXNyL3NoYXJlL21vZHVsZWZpbGVzL0NvcmU6L3Vzci9zaGFyZS9sbW9kL2xtb2QvbW9kdWxlZmlsZXMvQ29yZSIsfQ==
+++ export _ModuleTable004_
+++ _ModuleTable_Sz_=4
+++ export _ModuleTable_Sz_
++ conda activate pansatz
++ local cmd=activate
++ case "$cmd" in
++ __conda_activate activate pansatz
++ '[' -n '' ']'
++ local ask_conda
+++ PS1='(base) '
+++ __conda_exe shell.posix activate pansatz
+++ __add_sys_prefix_to_path
+++ '[' -n '' ']'
++++ dirname /home/energy/amawi/miniconda3/bin/conda
+++ SYSP=/home/energy/amawi/miniconda3/bin
++++ dirname /home/energy/amawi/miniconda3/bin
+++ SYSP=/home/energy/amawi/miniconda3
+++ '[' -n '' ']'
+++ PATH=/home/energy/amawi/miniconda3/bin:/usr/local/cuda:/home/modules/software/binutils/2.36.1-GCCcore-10.3.0/bin:/home/modules/software/GCCcore/10.3.0/bin:/home/energy/amawi/miniconda3/bin:/home/energy/amawi/miniconda3/condabin:/home/energy/amawi/.local/bin:/home/energy/amawi/bin:/usr/local/bin:/usr/bin:/usr/local/sbin:/usr/sbin:/opt/dell/srvadmin/bin
+++ export PATH
+++ /home/energy/amawi/miniconda3/bin/conda shell.posix activate pansatz
++ ask_conda='PS1='\''(pansatz) '\''
export PATH='\''/usr/local/cuda:/home/modules/software/binutils/2.36.1-GCCcore-10.3.0/bin:/home/modules/software/GCCcore/10.3.0/bin:/home/energy/amawi/miniconda3/envs/pansatz/bin:/home/energy/amawi/miniconda3/condabin:/home/energy/amawi/.local/bin:/home/energy/amawi/bin:/usr/local/bin:/usr/bin:/usr/local/sbin:/usr/sbin:/opt/dell/srvadmin/bin'\''
export CONDA_PREFIX='\''/home/energy/amawi/miniconda3/envs/pansatz'\''
export CONDA_SHLVL='\''2'\''
export CONDA_DEFAULT_ENV='\''pansatz'\''
export CONDA_PROMPT_MODIFIER='\''(pansatz) '\''
export CONDA_EXE='\''/home/energy/amawi/miniconda3/bin/conda'\''
export _CE_M='\'''\''
export _CE_CONDA='\'''\''
export CONDA_PYTHON_EXE='\''/home/energy/amawi/miniconda3/bin/python'\''
export CONDA_PREFIX_1='\''/home/energy/amawi/miniconda3'\'''
++ eval 'PS1='\''(pansatz) '\''
export PATH='\''/usr/local/cuda:/home/modules/software/binutils/2.36.1-GCCcore-10.3.0/bin:/home/modules/software/GCCcore/10.3.0/bin:/home/energy/amawi/miniconda3/envs/pansatz/bin:/home/energy/amawi/miniconda3/condabin:/home/energy/amawi/.local/bin:/home/energy/amawi/bin:/usr/local/bin:/usr/bin:/usr/local/sbin:/usr/sbin:/opt/dell/srvadmin/bin'\''
export CONDA_PREFIX='\''/home/energy/amawi/miniconda3/envs/pansatz'\''
export CONDA_SHLVL='\''2'\''
export CONDA_DEFAULT_ENV='\''pansatz'\''
export CONDA_PROMPT_MODIFIER='\''(pansatz) '\''
export CONDA_EXE='\''/home/energy/amawi/miniconda3/bin/conda'\''
export _CE_M='\'''\''
export _CE_CONDA='\'''\''
export CONDA_PYTHON_EXE='\''/home/energy/amawi/miniconda3/bin/python'\''
export CONDA_PREFIX_1='\''/home/energy/amawi/miniconda3'\'''
+++ PS1='(pansatz) '
+++ export PATH=/usr/local/cuda:/home/modules/software/binutils/2.36.1-GCCcore-10.3.0/bin:/home/modules/software/GCCcore/10.3.0/bin:/home/energy/amawi/miniconda3/envs/pansatz/bin:/home/energy/amawi/miniconda3/condabin:/home/energy/amawi/.local/bin:/home/energy/amawi/bin:/usr/local/bin:/usr/bin:/usr/local/sbin:/usr/sbin:/opt/dell/srvadmin/bin
+++ PATH=/usr/local/cuda:/home/modules/software/binutils/2.36.1-GCCcore-10.3.0/bin:/home/modules/software/GCCcore/10.3.0/bin:/home/energy/amawi/miniconda3/envs/pansatz/bin:/home/energy/amawi/miniconda3/condabin:/home/energy/amawi/.local/bin:/home/energy/amawi/bin:/usr/local/bin:/usr/bin:/usr/local/sbin:/usr/sbin:/opt/dell/srvadmin/bin
+++ export CONDA_PREFIX=/home/energy/amawi/miniconda3/envs/pansatz
+++ CONDA_PREFIX=/home/energy/amawi/miniconda3/envs/pansatz
+++ export CONDA_SHLVL=2
+++ CONDA_SHLVL=2
+++ export CONDA_DEFAULT_ENV=pansatz
+++ CONDA_DEFAULT_ENV=pansatz
+++ export 'CONDA_PROMPT_MODIFIER=(pansatz) '
+++ CONDA_PROMPT_MODIFIER='(pansatz) '
+++ export CONDA_EXE=/home/energy/amawi/miniconda3/bin/conda
+++ CONDA_EXE=/home/energy/amawi/miniconda3/bin/conda
+++ export _CE_M=
+++ _CE_M=
+++ export _CE_CONDA=
+++ _CE_CONDA=
+++ export CONDA_PYTHON_EXE=/home/energy/amawi/miniconda3/bin/python
+++ CONDA_PYTHON_EXE=/home/energy/amawi/miniconda3/bin/python
+++ export CONDA_PREFIX_1=/home/energy/amawi/miniconda3
+++ CONDA_PREFIX_1=/home/energy/amawi/miniconda3
++ __conda_hashr
++ '[' -n '' ']'
++ '[' -n '' ']'
++ hash -r
++ export PATH=/usr/local/cuda:/usr/local/cuda:/home/modules/software/binutils/2.36.1-GCCcore-10.3.0/bin:/home/modules/software/GCCcore/10.3.0/bin:/home/energy/amawi/miniconda3/envs/pansatz/bin:/home/energy/amawi/miniconda3/condabin:/home/energy/amawi/.local/bin:/home/energy/amawi/bin:/usr/local/bin:/usr/bin:/usr/local/sbin:/usr/sbin:/opt/dell/srvadmin/bin
++ PATH=/usr/local/cuda:/usr/local/cuda:/home/modules/software/binutils/2.36.1-GCCcore-10.3.0/bin:/home/modules/software/GCCcore/10.3.0/bin:/home/energy/amawi/miniconda3/envs/pansatz/bin:/home/energy/amawi/miniconda3/condabin:/home/energy/amawi/.local/bin:/home/energy/amawi/bin:/usr/local/bin:/usr/bin:/usr/local/sbin:/usr/sbin:/opt/dell/srvadmin/bin
+ conda activate pansatz
+ local cmd=activate
+ case "$cmd" in
+ __conda_activate activate pansatz
+ '[' -n '' ']'
+ local ask_conda
++ PS1='(pansatz) '
++ __conda_exe shell.posix activate pansatz
++ __add_sys_prefix_to_path
++ '[' -n '' ']'
+++ dirname /home/energy/amawi/miniconda3/bin/conda
++ SYSP=/home/energy/amawi/miniconda3/bin
+++ dirname /home/energy/amawi/miniconda3/bin
++ SYSP=/home/energy/amawi/miniconda3
++ '[' -n '' ']'
++ PATH=/home/energy/amawi/miniconda3/bin:/usr/local/cuda:/usr/local/cuda:/home/modules/software/binutils/2.36.1-GCCcore-10.3.0/bin:/home/modules/software/GCCcore/10.3.0/bin:/home/energy/amawi/miniconda3/envs/pansatz/bin:/home/energy/amawi/miniconda3/condabin:/home/energy/amawi/.local/bin:/home/energy/amawi/bin:/usr/local/bin:/usr/bin:/usr/local/sbin:/usr/sbin:/opt/dell/srvadmin/bin
++ export PATH
++ /home/energy/amawi/miniconda3/bin/conda shell.posix activate pansatz
+ ask_conda='PS1='\''(pansatz) '\''
export PATH='\''/usr/local/cuda:/usr/local/cuda:/home/modules/software/binutils/2.36.1-GCCcore-10.3.0/bin:/home/modules/software/GCCcore/10.3.0/bin:/home/energy/amawi/miniconda3/envs/pansatz/bin:/home/energy/amawi/miniconda3/condabin:/home/energy/amawi/.local/bin:/home/energy/amawi/bin:/usr/local/bin:/usr/bin:/usr/local/sbin:/usr/sbin:/opt/dell/srvadmin/bin'\''
export CONDA_SHLVL='\''2'\''
export CONDA_PROMPT_MODIFIER='\''(pansatz) '\'''
+ eval 'PS1='\''(pansatz) '\''
export PATH='\''/usr/local/cuda:/usr/local/cuda:/home/modules/software/binutils/2.36.1-GCCcore-10.3.0/bin:/home/modules/software/GCCcore/10.3.0/bin:/home/energy/amawi/miniconda3/envs/pansatz/bin:/home/energy/amawi/miniconda3/condabin:/home/energy/amawi/.local/bin:/home/energy/amawi/bin:/usr/local/bin:/usr/bin:/usr/local/sbin:/usr/sbin:/opt/dell/srvadmin/bin'\''
export CONDA_SHLVL='\''2'\''
export CONDA_PROMPT_MODIFIER='\''(pansatz) '\'''
++ PS1='(pansatz) '
++ export PATH=/usr/local/cuda:/usr/local/cuda:/home/modules/software/binutils/2.36.1-GCCcore-10.3.0/bin:/home/modules/software/GCCcore/10.3.0/bin:/home/energy/amawi/miniconda3/envs/pansatz/bin:/home/energy/amawi/miniconda3/condabin:/home/energy/amawi/.local/bin:/home/energy/amawi/bin:/usr/local/bin:/usr/bin:/usr/local/sbin:/usr/sbin:/opt/dell/srvadmin/bin
++ PATH=/usr/local/cuda:/usr/local/cuda:/home/modules/software/binutils/2.36.1-GCCcore-10.3.0/bin:/home/modules/software/GCCcore/10.3.0/bin:/home/energy/amawi/miniconda3/envs/pansatz/bin:/home/energy/amawi/miniconda3/condabin:/home/energy/amawi/.local/bin:/home/energy/amawi/bin:/usr/local/bin:/usr/bin:/usr/local/sbin:/usr/sbin:/opt/dell/srvadmin/bin
++ export CONDA_SHLVL=2
++ CONDA_SHLVL=2
++ export 'CONDA_PROMPT_MODIFIER=(pansatz) '
++ CONDA_PROMPT_MODIFIER='(pansatz) '
+ __conda_hashr
+ '[' -n '' ']'
+ '[' -n '' ']'
+ hash -r
+ export MKL_NUM_THREADS=1
+ MKL_NUM_THREADS=1
+ export NUMEXPR_NUM_THREADS=1
+ NUMEXPR_NUM_THREADS=1
+ export OMP_NUM_THREADS=1
+ OMP_NUM_THREADS=1
+ export OPENBLAS_NUM_THREADS=1
+ OPENBLAS_NUM_THREADS=1
+ cd /home/energy/amawi/projects/nn_ansatz/src
+ echo -s HEG -sim 1 1 1 -nw 512 -n_sh 64 -n_ph 16 -nl 2 -n_det 1 -orb real_plane_waves -n_el 7 -inact sin -act sin -dp 1 -name 1211/inact_act2 -n_it 100000
-s HEG -sim 1 1 1 -nw 512 -n_sh 64 -n_ph 16 -nl 2 -n_det 1 -orb real_plane_waves -n_el 7 -inact sin -act sin -dp 1 -name 1211/inact_act2 -n_it 100000
+ python run_with_args.py -s HEG -sim 1 1 1 -nw 512 -n_sh 64 -n_ph 16 -nl 2 -n_det 1 -orb real_plane_waves -n_el 7 -inact sin -act sin -dp 1 -name 1211/inact_act2 -n_it 100000
slurmstepd: error: *** JOB 4148052 ON s008 CANCELLED AT 2021-11-12T13:59:31 ***
