+ '[' -z '' ']'
+ case "$-" in
+ __lmod_vx=x
+ '[' -n x ']'
+ set +x
Shell debugging temporarily silenced: export LMOD_SH_DBG_ON=1 for this output (/usr/share/lmod/lmod/init/bash)
Shell debugging restarted
+ unset __lmod_vx
+ source /home/energy/amawi/.bashrc
++ '[' -f /etc/bashrc ']'
++ . /etc/bashrc
+++ '[' '' ']'
+++ shopt -q login_shell
+++ '[' 261833 -gt 199 ']'
++++ /usr/bin/id -gn
++++ /usr/bin/id -un
+++ '[' ecsvip = amawi ']'
+++ umask 022
+++ SHELL=/bin/bash
+++ for i in '/etc/profile.d/*.sh'
+++ '[' -r /etc/profile.d/00-modulepath.sh ']'
+++ '[' '' ']'
+++ . /etc/profile.d/00-modulepath.sh
++++ '[' -z /home/modules/modules/all:/etc/modulefiles:/usr/share/modulefiles:/usr/share/modulefiles/Linux:/usr/share/modulefiles/Core:/usr/share/lmod/lmod/modulefiles/Core ']'
++++ :
+++ for i in '/etc/profile.d/*.sh'
+++ '[' -r /etc/profile.d/256term.sh ']'
+++ '[' '' ']'
+++ . /etc/profile.d/256term.sh
++++ local256=
++++ '[' -n '' ']'
++++ '[' -n '' ']'
++++ unset local256
+++ for i in '/etc/profile.d/*.sh'
+++ '[' -r /etc/profile.d/colorgrep.sh ']'
+++ '[' '' ']'
+++ . /etc/profile.d/colorgrep.sh
++++ /usr/libexec/grepconf.sh -c
++++ alias 'grep=grep --color=auto'
++++ alias 'egrep=egrep --color=auto'
++++ alias 'fgrep=fgrep --color=auto'
+++ for i in '/etc/profile.d/*.sh'
+++ '[' -r /etc/profile.d/colorls.sh ']'
+++ '[' '' ']'
+++ . /etc/profile.d/colorls.sh
++++ '[' '!' -t 0 ']'
++++ return
+++ for i in '/etc/profile.d/*.sh'
+++ '[' -r /etc/profile.d/cpu_arch.sh ']'
+++ '[' '' ']'
+++ . /etc/profile.d/cpu_arch.sh
++++ export CPU_ARCH=skylake
++++ CPU_ARCH=skylake
+++ for i in '/etc/profile.d/*.sh'
+++ '[' -r /etc/profile.d/lang.sh ']'
+++ '[' '' ']'
+++ . /etc/profile.d/lang.sh
++++ sourced=0
++++ '[' -n en_US.UTF-8 ']'
++++ saved_lang=en_US.UTF-8
++++ '[' -f /home/energy/amawi/.i18n ']'
++++ LANG=en_US.UTF-8
++++ unset saved_lang
++++ '[' 0 = 1 ']'
++++ unset sourced
++++ unset langfile
+++ for i in '/etc/profile.d/*.sh'
+++ '[' -r /etc/profile.d/less.sh ']'
+++ '[' '' ']'
+++ . /etc/profile.d/less.sh
++++ '[' -x /usr/bin/lesspipe.sh ']'
++++ export 'LESSOPEN=||/usr/bin/lesspipe.sh %s'
++++ LESSOPEN='||/usr/bin/lesspipe.sh %s'
+++ for i in '/etc/profile.d/*.sh'
+++ '[' -r /etc/profile.d/modules.sh ']'
+++ '[' '' ']'
+++ . /etc/profile.d/modules.sh
++++++ /bin/ps -p 79901 -ocomm=
+++++ /bin/basename slurm_script
++++ shell=slurm_script
++++ '[' -f /usr/share/Modules/init/slurm_script ']'
++++ . /usr/share/Modules/init/sh
+++++ MODULESHOME=/usr/share/Modules
+++++ export MODULESHOME
+++++ '[' GCCcore/10.3.0:zlib/1.2.11-GCCcore-10.3.0:binutils/2.36.1-GCCcore-10.3.0:GCC/10.3.0 = '' ']'
+++++ '[' /home/modules/modules/all:/etc/modulefiles:/usr/share/modulefiles:/usr/share/modulefiles/Linux:/usr/share/modulefiles/Core:/usr/share/lmod/lmod/modulefiles/Core = '' ']'
+++ for i in '/etc/profile.d/*.sh'
+++ '[' -r /etc/profile.d/omp_num_threads.sh ']'
+++ '[' '' ']'
+++ . /etc/profile.d/omp_num_threads.sh
++++ export OMP_NUM_THREADS=1
++++ OMP_NUM_THREADS=1
+++ for i in '/etc/profile.d/*.sh'
+++ '[' -r /etc/profile.d/ulimit.sh ']'
+++ '[' '' ']'
+++ . /etc/profile.d/ulimit.sh
++++ ulimit -c 0
+++ for i in '/etc/profile.d/*.sh'
+++ '[' -r /etc/profile.d/which2.sh ']'
+++ '[' '' ']'
+++ . /etc/profile.d/which2.sh
++++ alias 'which=alias | /usr/bin/which --tty-only --read-alias --show-dot --show-tilde'
+++ for i in '/etc/profile.d/*.sh'
+++ '[' -r /etc/profile.d/z00_lmod.sh ']'
+++ '[' '' ']'
+++ . /etc/profile.d/z00_lmod.sh
++++ . /etc/profile.d/00-modulepath.sh
+++++ '[' -z /home/modules/modules/all:/etc/modulefiles:/usr/share/modulefiles:/usr/share/modulefiles/Linux:/usr/share/modulefiles/Core:/usr/share/lmod/lmod/modulefiles/Core ']'
+++++ :
++++ '[' -z '' ']'
++++ '[' -z /usr/share/modulefiles ']'
++++ PS_CMD=/usr/bin/ps
++++ '[' '!' -x /usr/bin/ps ']'
++++ EXPR_CMD=/usr/bin/expr
++++ '[' '!' -x /usr/bin/expr ']'
++++ BASENAME_CMD=/usr/bin/basename
++++ '[' '!' -x /usr/bin/basename ']'
+++++ /usr/bin/ps -p 79901 -ocomm=
++++ my_shell=slurm_script
+++++ /usr/bin/expr slurm_script : '-*\(.*\)'
++++ my_shell=slurm_script
+++++ /usr/bin/basename slurm_script
++++ my_shell=slurm_script
++++ '[' -f /usr/share/lmod/lmod/init/slurm_script ']'
++++ . /usr/share/lmod/lmod/init/sh
+++++ LMOD_ROOT=/usr/share/lmod
+++++ LMOD_PKG=/usr/share/lmod/lmod
+++++ LMOD_DIR=/usr/share/lmod/lmod/libexec/
+++++ LMOD_CMD=/usr/share/lmod/lmod/libexec/lmod
+++++ MODULESHOME=/usr/share/lmod/lmod
+++++ export LMOD_CMD
+++++ export LMOD_PKG
+++++ export LMOD_DIR
+++++ export MODULESHOME
+++++ export LMOD_DIR
++++ unset my_shell PS_CMD EXPR_CMD BASENAME_CMD MODULEPATH_INIT
+++ for i in '/etc/profile.d/*.sh'
+++ '[' -r /etc/profile.d/z01_EasyBuild.sh ']'
+++ '[' '' ']'
+++ . /etc/profile.d/z01_EasyBuild.sh
++++ '[' -z 1 ']'
++++ module refresh
+++++ /usr/share/lmod/lmod/libexec/lmod sh refresh
++++ eval 'MODULEPATH=/home/modules/modules/all:/etc/modulefiles:/usr/share/modulefiles:/usr/share/modulefiles/Linux:/usr/share/modulefiles/Core:/usr/share/lmod/lmod/modulefiles/Core;' export 'MODULEPATH;' '_ModuleTable001_=X01vZHVsZVRhYmxlXz17WyJNVHZlcnNpb24iXT0zLFsiY19yZWJ1aWxkVGltZSJdPWZhbHNlLFsiY19zaG9ydFRpbWUiXT1mYWxzZSxkZXB0aFQ9e30sZmFtaWx5PXt9LG1UPXtHQ0M9e1siZm4iXT0iL2hvbWUvbW9kdWxlcy9tb2R1bGVzL2FsbC9HQ0MvMTAuMy4wLmx1YSIsWyJmdWxsTmFtZSJdPSJHQ0MvMTAuMy4wIixbImxvYWRPcmRlciJdPTQscHJvcFQ9e30sWyJzdGFja0RlcHRoIl09MCxbInN0YXR1cyJdPSJhY3RpdmUiLFsidXNlck5hbWUiXT0iR0NDLzEwLjMuMCIsfSxHQ0Njb3JlPXtbImZuIl09Ii9ob21lL21vZHVsZXMvbW9kdWxlcy9hbGwvR0NDY29yZS8xMC4zLjAubHVhIixbImZ1bGxOYW1lIl09IkdDQ2NvcmUvMTAuMy4wIixbImxvYWRPcmRlciJdPTEscHJv;' export '_ModuleTable001_;' '_ModuleTable002_=cFQ9e30sWyJzdGFja0RlcHRoIl09MSxbInN0YXR1cyJdPSJhY3RpdmUiLFsidXNlck5hbWUiXT0iR0NDY29yZS8xMC4zLjAiLH0sYmludXRpbHM9e1siZm4iXT0iL2hvbWUvbW9kdWxlcy9tb2R1bGVzL2FsbC9iaW51dGlscy8yLjM2LjEtR0NDY29yZS0xMC4zLjAubHVhIixbImZ1bGxOYW1lIl09ImJpbnV0aWxzLzIuMzYuMS1HQ0Njb3JlLTEwLjMuMCIsWyJsb2FkT3JkZXIiXT0zLHByb3BUPXt9LFsic3RhY2tEZXB0aCJdPTEsWyJzdGF0dXMiXT0iYWN0aXZlIixbInVzZXJOYW1lIl09ImJpbnV0aWxzLzIuMzYuMS1HQ0Njb3JlLTEwLjMuMCIsfSx6bGliPXtbImZuIl09Ii9ob21lL21vZHVsZXMvbW9kdWxlcy9hbGwvemxpYi8xLjIuMTEtR0NDY29yZS0xMC4zLjAubHVhIixb;' export '_ModuleTable002_;' '_ModuleTable003_=ImZ1bGxOYW1lIl09InpsaWIvMS4yLjExLUdDQ2NvcmUtMTAuMy4wIixbImxvYWRPcmRlciJdPTIscHJvcFQ9e30sWyJzdGFja0RlcHRoIl09MixbInN0YXR1cyJdPSJhY3RpdmUiLFsidXNlck5hbWUiXT0iemxpYi8xLjIuMTEtR0NDY29yZS0xMC4zLjAiLH0sfSxtcGF0aEE9eyIvaG9tZS9tb2R1bGVzL21vZHVsZXMvYWxsIiwiL2V0Yy9tb2R1bGVmaWxlcyIsIi91c3Ivc2hhcmUvbW9kdWxlZmlsZXMiLCIvdXNyL3NoYXJlL21vZHVsZWZpbGVzL0xpbnV4IiwiL3Vzci9zaGFyZS9tb2R1bGVmaWxlcy9Db3JlIiwiL3Vzci9zaGFyZS9sbW9kL2xtb2QvbW9kdWxlZmlsZXMvQ29yZSIsfSxbInN5c3RlbUJhc2VNUEFUSCJdPSIvZXRjL21vZHVsZWZpbGVzOi91c3Ivc2hhcmUvbW9k;' export '_ModuleTable003_;' '_ModuleTable004_=dWxlZmlsZXM6L3Vzci9zaGFyZS9tb2R1bGVmaWxlcy9MaW51eDovdXNyL3NoYXJlL21vZHVsZWZpbGVzL0NvcmU6L3Vzci9zaGFyZS9sbW9kL2xtb2QvbW9kdWxlZmlsZXMvQ29yZSIsfQ==;' export '_ModuleTable004_;' '_ModuleTable_Sz_=4;' export '_ModuleTable_Sz_;'
+++++ MODULEPATH=/home/modules/modules/all:/etc/modulefiles:/usr/share/modulefiles:/usr/share/modulefiles/Linux:/usr/share/modulefiles/Core:/usr/share/lmod/lmod/modulefiles/Core
+++++ export MODULEPATH
+++++ _ModuleTable001_=X01vZHVsZVRhYmxlXz17WyJNVHZlcnNpb24iXT0zLFsiY19yZWJ1aWxkVGltZSJdPWZhbHNlLFsiY19zaG9ydFRpbWUiXT1mYWxzZSxkZXB0aFQ9e30sZmFtaWx5PXt9LG1UPXtHQ0M9e1siZm4iXT0iL2hvbWUvbW9kdWxlcy9tb2R1bGVzL2FsbC9HQ0MvMTAuMy4wLmx1YSIsWyJmdWxsTmFtZSJdPSJHQ0MvMTAuMy4wIixbImxvYWRPcmRlciJdPTQscHJvcFQ9e30sWyJzdGFja0RlcHRoIl09MCxbInN0YXR1cyJdPSJhY3RpdmUiLFsidXNlck5hbWUiXT0iR0NDLzEwLjMuMCIsfSxHQ0Njb3JlPXtbImZuIl09Ii9ob21lL21vZHVsZXMvbW9kdWxlcy9hbGwvR0NDY29yZS8xMC4zLjAubHVhIixbImZ1bGxOYW1lIl09IkdDQ2NvcmUvMTAuMy4wIixbImxvYWRPcmRlciJdPTEscHJv
+++++ export _ModuleTable001_
+++++ _ModuleTable002_=cFQ9e30sWyJzdGFja0RlcHRoIl09MSxbInN0YXR1cyJdPSJhY3RpdmUiLFsidXNlck5hbWUiXT0iR0NDY29yZS8xMC4zLjAiLH0sYmludXRpbHM9e1siZm4iXT0iL2hvbWUvbW9kdWxlcy9tb2R1bGVzL2FsbC9iaW51dGlscy8yLjM2LjEtR0NDY29yZS0xMC4zLjAubHVhIixbImZ1bGxOYW1lIl09ImJpbnV0aWxzLzIuMzYuMS1HQ0Njb3JlLTEwLjMuMCIsWyJsb2FkT3JkZXIiXT0zLHByb3BUPXt9LFsic3RhY2tEZXB0aCJdPTEsWyJzdGF0dXMiXT0iYWN0aXZlIixbInVzZXJOYW1lIl09ImJpbnV0aWxzLzIuMzYuMS1HQ0Njb3JlLTEwLjMuMCIsfSx6bGliPXtbImZuIl09Ii9ob21lL21vZHVsZXMvbW9kdWxlcy9hbGwvemxpYi8xLjIuMTEtR0NDY29yZS0xMC4zLjAubHVhIixb
+++++ export _ModuleTable002_
+++++ _ModuleTable003_=ImZ1bGxOYW1lIl09InpsaWIvMS4yLjExLUdDQ2NvcmUtMTAuMy4wIixbImxvYWRPcmRlciJdPTIscHJvcFQ9e30sWyJzdGFja0RlcHRoIl09MixbInN0YXR1cyJdPSJhY3RpdmUiLFsidXNlck5hbWUiXT0iemxpYi8xLjIuMTEtR0NDY29yZS0xMC4zLjAiLH0sfSxtcGF0aEE9eyIvaG9tZS9tb2R1bGVzL21vZHVsZXMvYWxsIiwiL2V0Yy9tb2R1bGVmaWxlcyIsIi91c3Ivc2hhcmUvbW9kdWxlZmlsZXMiLCIvdXNyL3NoYXJlL21vZHVsZWZpbGVzL0xpbnV4IiwiL3Vzci9zaGFyZS9tb2R1bGVmaWxlcy9Db3JlIiwiL3Vzci9zaGFyZS9sbW9kL2xtb2QvbW9kdWxlZmlsZXMvQ29yZSIsfSxbInN5c3RlbUJhc2VNUEFUSCJdPSIvZXRjL21vZHVsZWZpbGVzOi91c3Ivc2hhcmUvbW9k
+++++ export _ModuleTable003_
+++++ _ModuleTable004_=dWxlZmlsZXM6L3Vzci9zaGFyZS9tb2R1bGVmaWxlcy9MaW51eDovdXNyL3NoYXJlL21vZHVsZWZpbGVzL0NvcmU6L3Vzci9zaGFyZS9sbW9kL2xtb2QvbW9kdWxlZmlsZXMvQ29yZSIsfQ==
+++++ export _ModuleTable004_
+++++ _ModuleTable_Sz_=4
+++++ export _ModuleTable_Sz_
+++ unset i
+++ unset -f pathmunge
++ [[ /usr/local/cuda:/home/modules/software/binutils/2.36.1-GCCcore-10.3.0/bin:/home/modules/software/GCCcore/10.3.0/bin:/home/energy/amawi/miniconda3/envs/pansatz/bin:/home/energy/amawi/miniconda3/condabin:/home/energy/amawi/.local/bin:/home/energy/amawi/bin:/usr/local/bin:/usr/bin:/usr/local/sbin:/usr/sbin:/opt/dell/srvadmin/bin =~ /home/energy/amawi/\.local/bin:/home/energy/amawi/bin: ]]
++ export PATH
+++ /home/energy/amawi/miniconda3/bin/conda shell.bash hook
++ __conda_setup='export CONDA_EXE='\''/home/energy/amawi/miniconda3/bin/conda'\''
export _CE_M='\'''\''
export _CE_CONDA='\'''\''
export CONDA_PYTHON_EXE='\''/home/energy/amawi/miniconda3/bin/python'\''

# Copyright (C) 2012 Anaconda, Inc
# SPDX-License-Identifier: BSD-3-Clause

__add_sys_prefix_to_path() {
    # In dev-mode CONDA_EXE is python.exe and on Windows
    # it is in a different relative location to condabin.
    if [ -n "${_CE_CONDA}" ] && [ -n "${WINDIR+x}" ]; then
        SYSP=$(\dirname "${CONDA_EXE}")
    else
        SYSP=$(\dirname "${CONDA_EXE}")
        SYSP=$(\dirname "${SYSP}")
    fi

    if [ -n "${WINDIR+x}" ]; then
        PATH="${SYSP}/bin:${PATH}"
        PATH="${SYSP}/Scripts:${PATH}"
        PATH="${SYSP}/Library/bin:${PATH}"
        PATH="${SYSP}/Library/usr/bin:${PATH}"
        PATH="${SYSP}/Library/mingw-w64/bin:${PATH}"
        PATH="${SYSP}:${PATH}"
    else
        PATH="${SYSP}/bin:${PATH}"
    fi
    \export PATH
}

__conda_exe() (
    __add_sys_prefix_to_path
    "$CONDA_EXE" $_CE_M $_CE_CONDA "$@"
)

__conda_hashr() {
    if [ -n "${ZSH_VERSION:+x}" ]; then
        \rehash
    elif [ -n "${POSH_VERSION:+x}" ]; then
        :  # pass
    else
        \hash -r
    fi
}

__conda_activate() {
    if [ -n "${CONDA_PS1_BACKUP:+x}" ]; then
        # Handle transition from shell activated with conda <= 4.3 to a subsequent activation
        # after conda updated to >= 4.4. See issue #6173.
        PS1="$CONDA_PS1_BACKUP"
        \unset CONDA_PS1_BACKUP
    fi
    \local ask_conda
    ask_conda="$(PS1="${PS1:-}" __conda_exe shell.posix "$@")" || \return
    \eval "$ask_conda"
    __conda_hashr
}

__conda_reactivate() {
    \local ask_conda
    ask_conda="$(PS1="${PS1:-}" __conda_exe shell.posix reactivate)" || \return
    \eval "$ask_conda"
    __conda_hashr
}

conda() {
    \local cmd="${1-__missing__}"
    case "$cmd" in
        activate|deactivate)
            __conda_activate "$@"
            ;;
        install|update|upgrade|remove|uninstall)
            __conda_exe "$@" || \return
            __conda_reactivate
            ;;
        *)
            __conda_exe "$@"
            ;;
    esac
}

if [ -z "${CONDA_SHLVL+x}" ]; then
    \export CONDA_SHLVL=0
    # In dev-mode CONDA_EXE is python.exe and on Windows
    # it is in a different relative location to condabin.
    if [ -n "${_CE_CONDA:+x}" ] && [ -n "${WINDIR+x}" ]; then
        PATH="$(\dirname "$CONDA_EXE")/condabin${PATH:+":${PATH}"}"
    else
        PATH="$(\dirname "$(\dirname "$CONDA_EXE")")/condabin${PATH:+":${PATH}"}"
    fi
    \export PATH

    # We'\''re not allowing PS1 to be unbound. It must at least be set.
    # However, we'\''re not exporting it, which can cause problems when starting a second shell
    # via a first shell (i.e. starting zsh from bash).
    if [ -z "${PS1+x}" ]; then
        PS1=
    fi
fi

conda activate base'
++ '[' 0 -eq 0 ']'
++ eval 'export CONDA_EXE='\''/home/energy/amawi/miniconda3/bin/conda'\''
export _CE_M='\'''\''
export _CE_CONDA='\'''\''
export CONDA_PYTHON_EXE='\''/home/energy/amawi/miniconda3/bin/python'\''

# Copyright (C) 2012 Anaconda, Inc
# SPDX-License-Identifier: BSD-3-Clause

__add_sys_prefix_to_path() {
    # In dev-mode CONDA_EXE is python.exe and on Windows
    # it is in a different relative location to condabin.
    if [ -n "${_CE_CONDA}" ] && [ -n "${WINDIR+x}" ]; then
        SYSP=$(\dirname "${CONDA_EXE}")
    else
        SYSP=$(\dirname "${CONDA_EXE}")
        SYSP=$(\dirname "${SYSP}")
    fi

    if [ -n "${WINDIR+x}" ]; then
        PATH="${SYSP}/bin:${PATH}"
        PATH="${SYSP}/Scripts:${PATH}"
        PATH="${SYSP}/Library/bin:${PATH}"
        PATH="${SYSP}/Library/usr/bin:${PATH}"
        PATH="${SYSP}/Library/mingw-w64/bin:${PATH}"
        PATH="${SYSP}:${PATH}"
    else
        PATH="${SYSP}/bin:${PATH}"
    fi
    \export PATH
}

__conda_exe() (
    __add_sys_prefix_to_path
    "$CONDA_EXE" $_CE_M $_CE_CONDA "$@"
)

__conda_hashr() {
    if [ -n "${ZSH_VERSION:+x}" ]; then
        \rehash
    elif [ -n "${POSH_VERSION:+x}" ]; then
        :  # pass
    else
        \hash -r
    fi
}

__conda_activate() {
    if [ -n "${CONDA_PS1_BACKUP:+x}" ]; then
        # Handle transition from shell activated with conda <= 4.3 to a subsequent activation
        # after conda updated to >= 4.4. See issue #6173.
        PS1="$CONDA_PS1_BACKUP"
        \unset CONDA_PS1_BACKUP
    fi
    \local ask_conda
    ask_conda="$(PS1="${PS1:-}" __conda_exe shell.posix "$@")" || \return
    \eval "$ask_conda"
    __conda_hashr
}

__conda_reactivate() {
    \local ask_conda
    ask_conda="$(PS1="${PS1:-}" __conda_exe shell.posix reactivate)" || \return
    \eval "$ask_conda"
    __conda_hashr
}

conda() {
    \local cmd="${1-__missing__}"
    case "$cmd" in
        activate|deactivate)
            __conda_activate "$@"
            ;;
        install|update|upgrade|remove|uninstall)
            __conda_exe "$@" || \return
            __conda_reactivate
            ;;
        *)
            __conda_exe "$@"
            ;;
    esac
}

if [ -z "${CONDA_SHLVL+x}" ]; then
    \export CONDA_SHLVL=0
    # In dev-mode CONDA_EXE is python.exe and on Windows
    # it is in a different relative location to condabin.
    if [ -n "${_CE_CONDA:+x}" ] && [ -n "${WINDIR+x}" ]; then
        PATH="$(\dirname "$CONDA_EXE")/condabin${PATH:+":${PATH}"}"
    else
        PATH="$(\dirname "$(\dirname "$CONDA_EXE")")/condabin${PATH:+":${PATH}"}"
    fi
    \export PATH

    # We'\''re not allowing PS1 to be unbound. It must at least be set.
    # However, we'\''re not exporting it, which can cause problems when starting a second shell
    # via a first shell (i.e. starting zsh from bash).
    if [ -z "${PS1+x}" ]; then
        PS1=
    fi
fi

conda activate base'
+++ export CONDA_EXE=/home/energy/amawi/miniconda3/bin/conda
+++ CONDA_EXE=/home/energy/amawi/miniconda3/bin/conda
+++ export _CE_M=
+++ _CE_M=
+++ export _CE_CONDA=
+++ _CE_CONDA=
+++ export CONDA_PYTHON_EXE=/home/energy/amawi/miniconda3/bin/python
+++ CONDA_PYTHON_EXE=/home/energy/amawi/miniconda3/bin/python
+++ '[' -z x ']'
+++ conda activate base
+++ local cmd=activate
+++ case "$cmd" in
+++ __conda_activate activate base
+++ '[' -n '' ']'
+++ local ask_conda
++++ PS1=
++++ __conda_exe shell.posix activate base
++++ __add_sys_prefix_to_path
++++ '[' -n '' ']'
+++++ dirname /home/energy/amawi/miniconda3/bin/conda
++++ SYSP=/home/energy/amawi/miniconda3/bin
+++++ dirname /home/energy/amawi/miniconda3/bin
++++ SYSP=/home/energy/amawi/miniconda3
++++ '[' -n '' ']'
++++ PATH=/home/energy/amawi/miniconda3/bin:/usr/local/cuda:/home/modules/software/binutils/2.36.1-GCCcore-10.3.0/bin:/home/modules/software/GCCcore/10.3.0/bin:/home/energy/amawi/miniconda3/envs/pansatz/bin:/home/energy/amawi/miniconda3/condabin:/home/energy/amawi/.local/bin:/home/energy/amawi/bin:/usr/local/bin:/usr/bin:/usr/local/sbin:/usr/sbin:/opt/dell/srvadmin/bin
++++ export PATH
++++ /home/energy/amawi/miniconda3/bin/conda shell.posix activate base
+++ ask_conda='export PATH='\''/usr/local/cuda:/home/modules/software/binutils/2.36.1-GCCcore-10.3.0/bin:/home/modules/software/GCCcore/10.3.0/bin:/home/energy/amawi/miniconda3/bin:/home/energy/amawi/miniconda3/condabin:/home/energy/amawi/.local/bin:/home/energy/amawi/bin:/usr/local/bin:/usr/bin:/usr/local/sbin:/usr/sbin:/opt/dell/srvadmin/bin'\''
unset CONDA_PREFIX_1
PS1='\''(base) '\''
export CONDA_PREFIX='\''/home/energy/amawi/miniconda3'\''
export CONDA_SHLVL='\''1'\''
export CONDA_DEFAULT_ENV='\''base'\''
export CONDA_PROMPT_MODIFIER='\''(base) '\''
export CONDA_EXE='\''/home/energy/amawi/miniconda3/bin/conda'\''
export _CE_M='\'''\''
export _CE_CONDA='\'''\''
export CONDA_PYTHON_EXE='\''/home/energy/amawi/miniconda3/bin/python'\'''
+++ eval 'export PATH='\''/usr/local/cuda:/home/modules/software/binutils/2.36.1-GCCcore-10.3.0/bin:/home/modules/software/GCCcore/10.3.0/bin:/home/energy/amawi/miniconda3/bin:/home/energy/amawi/miniconda3/condabin:/home/energy/amawi/.local/bin:/home/energy/amawi/bin:/usr/local/bin:/usr/bin:/usr/local/sbin:/usr/sbin:/opt/dell/srvadmin/bin'\''
unset CONDA_PREFIX_1
PS1='\''(base) '\''
export CONDA_PREFIX='\''/home/energy/amawi/miniconda3'\''
export CONDA_SHLVL='\''1'\''
export CONDA_DEFAULT_ENV='\''base'\''
export CONDA_PROMPT_MODIFIER='\''(base) '\''
export CONDA_EXE='\''/home/energy/amawi/miniconda3/bin/conda'\''
export _CE_M='\'''\''
export _CE_CONDA='\'''\''
export CONDA_PYTHON_EXE='\''/home/energy/amawi/miniconda3/bin/python'\'''
++++ export PATH=/usr/local/cuda:/home/modules/software/binutils/2.36.1-GCCcore-10.3.0/bin:/home/modules/software/GCCcore/10.3.0/bin:/home/energy/amawi/miniconda3/bin:/home/energy/amawi/miniconda3/condabin:/home/energy/amawi/.local/bin:/home/energy/amawi/bin:/usr/local/bin:/usr/bin:/usr/local/sbin:/usr/sbin:/opt/dell/srvadmin/bin
++++ PATH=/usr/local/cuda:/home/modules/software/binutils/2.36.1-GCCcore-10.3.0/bin:/home/modules/software/GCCcore/10.3.0/bin:/home/energy/amawi/miniconda3/bin:/home/energy/amawi/miniconda3/condabin:/home/energy/amawi/.local/bin:/home/energy/amawi/bin:/usr/local/bin:/usr/bin:/usr/local/sbin:/usr/sbin:/opt/dell/srvadmin/bin
++++ unset CONDA_PREFIX_1
++++ PS1='(base) '
++++ export CONDA_PREFIX=/home/energy/amawi/miniconda3
++++ CONDA_PREFIX=/home/energy/amawi/miniconda3
++++ export CONDA_SHLVL=1
++++ CONDA_SHLVL=1
++++ export CONDA_DEFAULT_ENV=base
++++ CONDA_DEFAULT_ENV=base
++++ export 'CONDA_PROMPT_MODIFIER=(base) '
++++ CONDA_PROMPT_MODIFIER='(base) '
++++ export CONDA_EXE=/home/energy/amawi/miniconda3/bin/conda
++++ CONDA_EXE=/home/energy/amawi/miniconda3/bin/conda
++++ export _CE_M=
++++ _CE_M=
++++ export _CE_CONDA=
++++ _CE_CONDA=
++++ export CONDA_PYTHON_EXE=/home/energy/amawi/miniconda3/bin/python
++++ CONDA_PYTHON_EXE=/home/energy/amawi/miniconda3/bin/python
+++ __conda_hashr
+++ '[' -n '' ']'
+++ '[' -n '' ']'
+++ hash -r
++ unset __conda_setup
++ module load GCC/10.3.0
+++ /usr/share/lmod/lmod/libexec/lmod sh load GCC/10.3.0
++ eval 'EBDEVELGCC=/home/modules/software/GCC/10.3.0/easybuild/GCC-10.3.0-easybuild-devel;' export 'EBDEVELGCC;' 'EBROOTGCC=/home/modules/software/GCCcore/10.3.0;' export 'EBROOTGCC;' 'EBVERSIONGCC=10.3.0;' export 'EBVERSIONGCC;' 'LOADEDMODULES=GCCcore/10.3.0:zlib/1.2.11-GCCcore-10.3.0:binutils/2.36.1-GCCcore-10.3.0:GCC/10.3.0;' export 'LOADEDMODULES;' 'MODULEPATH=/home/modules/modules/all:/etc/modulefiles:/usr/share/modulefiles:/usr/share/modulefiles/Linux:/usr/share/modulefiles/Core:/usr/share/lmod/lmod/modulefiles/Core;' export 'MODULEPATH;' '_LMFILES_=/home/modules/modules/all/GCCcore/10.3.0.lua:/home/modules/modules/all/zlib/1.2.11-GCCcore-10.3.0.lua:/home/modules/modules/all/binutils/2.36.1-GCCcore-10.3.0.lua:/home/modules/modules/all/GCC/10.3.0.lua;' export '_LMFILES_;' '_ModuleTable001_=X01vZHVsZVRhYmxlXz17WyJNVHZlcnNpb24iXT0zLFsiY19yZWJ1aWxkVGltZSJdPWZhbHNlLFsiY19zaG9ydFRpbWUiXT1mYWxzZSxkZXB0aFQ9e30sZmFtaWx5PXt9LG1UPXtHQ0M9e1siZm4iXT0iL2hvbWUvbW9kdWxlcy9tb2R1bGVzL2FsbC9HQ0MvMTAuMy4wLmx1YSIsWyJmdWxsTmFtZSJdPSJHQ0MvMTAuMy4wIixbImxvYWRPcmRlciJdPTQscHJvcFQ9e30sWyJzdGFja0RlcHRoIl09MCxbInN0YXR1cyJdPSJhY3RpdmUiLFsidXNlck5hbWUiXT0iR0NDLzEwLjMuMCIsfSxHQ0Njb3JlPXtbImZuIl09Ii9ob21lL21vZHVsZXMvbW9kdWxlcy9hbGwvR0NDY29yZS8xMC4zLjAubHVhIixbImZ1bGxOYW1lIl09IkdDQ2NvcmUvMTAuMy4wIixbImxvYWRPcmRlciJdPTEscHJv;' export '_ModuleTable001_;' '_ModuleTable002_=cFQ9e30sWyJzdGFja0RlcHRoIl09MSxbInN0YXR1cyJdPSJhY3RpdmUiLFsidXNlck5hbWUiXT0iR0NDY29yZS8xMC4zLjAiLH0sYmludXRpbHM9e1siZm4iXT0iL2hvbWUvbW9kdWxlcy9tb2R1bGVzL2FsbC9iaW51dGlscy8yLjM2LjEtR0NDY29yZS0xMC4zLjAubHVhIixbImZ1bGxOYW1lIl09ImJpbnV0aWxzLzIuMzYuMS1HQ0Njb3JlLTEwLjMuMCIsWyJsb2FkT3JkZXIiXT0zLHByb3BUPXt9LFsic3RhY2tEZXB0aCJdPTEsWyJzdGF0dXMiXT0iYWN0aXZlIixbInVzZXJOYW1lIl09ImJpbnV0aWxzLzIuMzYuMS1HQ0Njb3JlLTEwLjMuMCIsfSx6bGliPXtbImZuIl09Ii9ob21lL21vZHVsZXMvbW9kdWxlcy9hbGwvemxpYi8xLjIuMTEtR0NDY29yZS0xMC4zLjAubHVhIixb;' export '_ModuleTable002_;' '_ModuleTable003_=ImZ1bGxOYW1lIl09InpsaWIvMS4yLjExLUdDQ2NvcmUtMTAuMy4wIixbImxvYWRPcmRlciJdPTIscHJvcFQ9e30sWyJzdGFja0RlcHRoIl09MixbInN0YXR1cyJdPSJhY3RpdmUiLFsidXNlck5hbWUiXT0iemxpYi8xLjIuMTEtR0NDY29yZS0xMC4zLjAiLH0sfSxtcGF0aEE9eyIvaG9tZS9tb2R1bGVzL21vZHVsZXMvYWxsIiwiL2V0Yy9tb2R1bGVmaWxlcyIsIi91c3Ivc2hhcmUvbW9kdWxlZmlsZXMiLCIvdXNyL3NoYXJlL21vZHVsZWZpbGVzL0xpbnV4IiwiL3Vzci9zaGFyZS9tb2R1bGVmaWxlcy9Db3JlIiwiL3Vzci9zaGFyZS9sbW9kL2xtb2QvbW9kdWxlZmlsZXMvQ29yZSIsfSxbInN5c3RlbUJhc2VNUEFUSCJdPSIvZXRjL21vZHVsZWZpbGVzOi91c3Ivc2hhcmUvbW9k;' export '_ModuleTable003_;' '_ModuleTable004_=dWxlZmlsZXM6L3Vzci9zaGFyZS9tb2R1bGVmaWxlcy9MaW51eDovdXNyL3NoYXJlL21vZHVsZWZpbGVzL0NvcmU6L3Vzci9zaGFyZS9sbW9kL2xtb2QvbW9kdWxlZmlsZXMvQ29yZSIsfQ==;' export '_ModuleTable004_;' '_ModuleTable_Sz_=4;' export '_ModuleTable_Sz_;'
+++ EBDEVELGCC=/home/modules/software/GCC/10.3.0/easybuild/GCC-10.3.0-easybuild-devel
+++ export EBDEVELGCC
+++ EBROOTGCC=/home/modules/software/GCCcore/10.3.0
+++ export EBROOTGCC
+++ EBVERSIONGCC=10.3.0
+++ export EBVERSIONGCC
+++ LOADEDMODULES=GCCcore/10.3.0:zlib/1.2.11-GCCcore-10.3.0:binutils/2.36.1-GCCcore-10.3.0:GCC/10.3.0
+++ export LOADEDMODULES
+++ MODULEPATH=/home/modules/modules/all:/etc/modulefiles:/usr/share/modulefiles:/usr/share/modulefiles/Linux:/usr/share/modulefiles/Core:/usr/share/lmod/lmod/modulefiles/Core
+++ export MODULEPATH
+++ _LMFILES_=/home/modules/modules/all/GCCcore/10.3.0.lua:/home/modules/modules/all/zlib/1.2.11-GCCcore-10.3.0.lua:/home/modules/modules/all/binutils/2.36.1-GCCcore-10.3.0.lua:/home/modules/modules/all/GCC/10.3.0.lua
+++ export _LMFILES_
+++ _ModuleTable001_=X01vZHVsZVRhYmxlXz17WyJNVHZlcnNpb24iXT0zLFsiY19yZWJ1aWxkVGltZSJdPWZhbHNlLFsiY19zaG9ydFRpbWUiXT1mYWxzZSxkZXB0aFQ9e30sZmFtaWx5PXt9LG1UPXtHQ0M9e1siZm4iXT0iL2hvbWUvbW9kdWxlcy9tb2R1bGVzL2FsbC9HQ0MvMTAuMy4wLmx1YSIsWyJmdWxsTmFtZSJdPSJHQ0MvMTAuMy4wIixbImxvYWRPcmRlciJdPTQscHJvcFQ9e30sWyJzdGFja0RlcHRoIl09MCxbInN0YXR1cyJdPSJhY3RpdmUiLFsidXNlck5hbWUiXT0iR0NDLzEwLjMuMCIsfSxHQ0Njb3JlPXtbImZuIl09Ii9ob21lL21vZHVsZXMvbW9kdWxlcy9hbGwvR0NDY29yZS8xMC4zLjAubHVhIixbImZ1bGxOYW1lIl09IkdDQ2NvcmUvMTAuMy4wIixbImxvYWRPcmRlciJdPTEscHJv
+++ export _ModuleTable001_
+++ _ModuleTable002_=cFQ9e30sWyJzdGFja0RlcHRoIl09MSxbInN0YXR1cyJdPSJhY3RpdmUiLFsidXNlck5hbWUiXT0iR0NDY29yZS8xMC4zLjAiLH0sYmludXRpbHM9e1siZm4iXT0iL2hvbWUvbW9kdWxlcy9tb2R1bGVzL2FsbC9iaW51dGlscy8yLjM2LjEtR0NDY29yZS0xMC4zLjAubHVhIixbImZ1bGxOYW1lIl09ImJpbnV0aWxzLzIuMzYuMS1HQ0Njb3JlLTEwLjMuMCIsWyJsb2FkT3JkZXIiXT0zLHByb3BUPXt9LFsic3RhY2tEZXB0aCJdPTEsWyJzdGF0dXMiXT0iYWN0aXZlIixbInVzZXJOYW1lIl09ImJpbnV0aWxzLzIuMzYuMS1HQ0Njb3JlLTEwLjMuMCIsfSx6bGliPXtbImZuIl09Ii9ob21lL21vZHVsZXMvbW9kdWxlcy9hbGwvemxpYi8xLjIuMTEtR0NDY29yZS0xMC4zLjAubHVhIixb
+++ export _ModuleTable002_
+++ _ModuleTable003_=ImZ1bGxOYW1lIl09InpsaWIvMS4yLjExLUdDQ2NvcmUtMTAuMy4wIixbImxvYWRPcmRlciJdPTIscHJvcFQ9e30sWyJzdGFja0RlcHRoIl09MixbInN0YXR1cyJdPSJhY3RpdmUiLFsidXNlck5hbWUiXT0iemxpYi8xLjIuMTEtR0NDY29yZS0xMC4zLjAiLH0sfSxtcGF0aEE9eyIvaG9tZS9tb2R1bGVzL21vZHVsZXMvYWxsIiwiL2V0Yy9tb2R1bGVmaWxlcyIsIi91c3Ivc2hhcmUvbW9kdWxlZmlsZXMiLCIvdXNyL3NoYXJlL21vZHVsZWZpbGVzL0xpbnV4IiwiL3Vzci9zaGFyZS9tb2R1bGVmaWxlcy9Db3JlIiwiL3Vzci9zaGFyZS9sbW9kL2xtb2QvbW9kdWxlZmlsZXMvQ29yZSIsfSxbInN5c3RlbUJhc2VNUEFUSCJdPSIvZXRjL21vZHVsZWZpbGVzOi91c3Ivc2hhcmUvbW9k
+++ export _ModuleTable003_
+++ _ModuleTable004_=dWxlZmlsZXM6L3Vzci9zaGFyZS9tb2R1bGVmaWxlcy9MaW51eDovdXNyL3NoYXJlL21vZHVsZWZpbGVzL0NvcmU6L3Vzci9zaGFyZS9sbW9kL2xtb2QvbW9kdWxlZmlsZXMvQ29yZSIsfQ==
+++ export _ModuleTable004_
+++ _ModuleTable_Sz_=4
+++ export _ModuleTable_Sz_
++ conda activate pansatz
++ local cmd=activate
++ case "$cmd" in
++ __conda_activate activate pansatz
++ '[' -n '' ']'
++ local ask_conda
+++ PS1='(base) '
+++ __conda_exe shell.posix activate pansatz
+++ __add_sys_prefix_to_path
+++ '[' -n '' ']'
++++ dirname /home/energy/amawi/miniconda3/bin/conda
+++ SYSP=/home/energy/amawi/miniconda3/bin
++++ dirname /home/energy/amawi/miniconda3/bin
+++ SYSP=/home/energy/amawi/miniconda3
+++ '[' -n '' ']'
+++ PATH=/home/energy/amawi/miniconda3/bin:/usr/local/cuda:/home/modules/software/binutils/2.36.1-GCCcore-10.3.0/bin:/home/modules/software/GCCcore/10.3.0/bin:/home/energy/amawi/miniconda3/bin:/home/energy/amawi/miniconda3/condabin:/home/energy/amawi/.local/bin:/home/energy/amawi/bin:/usr/local/bin:/usr/bin:/usr/local/sbin:/usr/sbin:/opt/dell/srvadmin/bin
+++ export PATH
+++ /home/energy/amawi/miniconda3/bin/conda shell.posix activate pansatz
++ ask_conda='PS1='\''(pansatz) '\''
export PATH='\''/usr/local/cuda:/home/modules/software/binutils/2.36.1-GCCcore-10.3.0/bin:/home/modules/software/GCCcore/10.3.0/bin:/home/energy/amawi/miniconda3/envs/pansatz/bin:/home/energy/amawi/miniconda3/condabin:/home/energy/amawi/.local/bin:/home/energy/amawi/bin:/usr/local/bin:/usr/bin:/usr/local/sbin:/usr/sbin:/opt/dell/srvadmin/bin'\''
export CONDA_PREFIX='\''/home/energy/amawi/miniconda3/envs/pansatz'\''
export CONDA_SHLVL='\''2'\''
export CONDA_DEFAULT_ENV='\''pansatz'\''
export CONDA_PROMPT_MODIFIER='\''(pansatz) '\''
export CONDA_EXE='\''/home/energy/amawi/miniconda3/bin/conda'\''
export _CE_M='\'''\''
export _CE_CONDA='\'''\''
export CONDA_PYTHON_EXE='\''/home/energy/amawi/miniconda3/bin/python'\''
export CONDA_PREFIX_1='\''/home/energy/amawi/miniconda3'\'''
++ eval 'PS1='\''(pansatz) '\''
export PATH='\''/usr/local/cuda:/home/modules/software/binutils/2.36.1-GCCcore-10.3.0/bin:/home/modules/software/GCCcore/10.3.0/bin:/home/energy/amawi/miniconda3/envs/pansatz/bin:/home/energy/amawi/miniconda3/condabin:/home/energy/amawi/.local/bin:/home/energy/amawi/bin:/usr/local/bin:/usr/bin:/usr/local/sbin:/usr/sbin:/opt/dell/srvadmin/bin'\''
export CONDA_PREFIX='\''/home/energy/amawi/miniconda3/envs/pansatz'\''
export CONDA_SHLVL='\''2'\''
export CONDA_DEFAULT_ENV='\''pansatz'\''
export CONDA_PROMPT_MODIFIER='\''(pansatz) '\''
export CONDA_EXE='\''/home/energy/amawi/miniconda3/bin/conda'\''
export _CE_M='\'''\''
export _CE_CONDA='\'''\''
export CONDA_PYTHON_EXE='\''/home/energy/amawi/miniconda3/bin/python'\''
export CONDA_PREFIX_1='\''/home/energy/amawi/miniconda3'\'''
+++ PS1='(pansatz) '
+++ export PATH=/usr/local/cuda:/home/modules/software/binutils/2.36.1-GCCcore-10.3.0/bin:/home/modules/software/GCCcore/10.3.0/bin:/home/energy/amawi/miniconda3/envs/pansatz/bin:/home/energy/amawi/miniconda3/condabin:/home/energy/amawi/.local/bin:/home/energy/amawi/bin:/usr/local/bin:/usr/bin:/usr/local/sbin:/usr/sbin:/opt/dell/srvadmin/bin
+++ PATH=/usr/local/cuda:/home/modules/software/binutils/2.36.1-GCCcore-10.3.0/bin:/home/modules/software/GCCcore/10.3.0/bin:/home/energy/amawi/miniconda3/envs/pansatz/bin:/home/energy/amawi/miniconda3/condabin:/home/energy/amawi/.local/bin:/home/energy/amawi/bin:/usr/local/bin:/usr/bin:/usr/local/sbin:/usr/sbin:/opt/dell/srvadmin/bin
+++ export CONDA_PREFIX=/home/energy/amawi/miniconda3/envs/pansatz
+++ CONDA_PREFIX=/home/energy/amawi/miniconda3/envs/pansatz
+++ export CONDA_SHLVL=2
+++ CONDA_SHLVL=2
+++ export CONDA_DEFAULT_ENV=pansatz
+++ CONDA_DEFAULT_ENV=pansatz
+++ export 'CONDA_PROMPT_MODIFIER=(pansatz) '
+++ CONDA_PROMPT_MODIFIER='(pansatz) '
+++ export CONDA_EXE=/home/energy/amawi/miniconda3/bin/conda
+++ CONDA_EXE=/home/energy/amawi/miniconda3/bin/conda
+++ export _CE_M=
+++ _CE_M=
+++ export _CE_CONDA=
+++ _CE_CONDA=
+++ export CONDA_PYTHON_EXE=/home/energy/amawi/miniconda3/bin/python
+++ CONDA_PYTHON_EXE=/home/energy/amawi/miniconda3/bin/python
+++ export CONDA_PREFIX_1=/home/energy/amawi/miniconda3
+++ CONDA_PREFIX_1=/home/energy/amawi/miniconda3
++ __conda_hashr
++ '[' -n '' ']'
++ '[' -n '' ']'
++ hash -r
++ export PATH=/usr/local/cuda:/usr/local/cuda:/home/modules/software/binutils/2.36.1-GCCcore-10.3.0/bin:/home/modules/software/GCCcore/10.3.0/bin:/home/energy/amawi/miniconda3/envs/pansatz/bin:/home/energy/amawi/miniconda3/condabin:/home/energy/amawi/.local/bin:/home/energy/amawi/bin:/usr/local/bin:/usr/bin:/usr/local/sbin:/usr/sbin:/opt/dell/srvadmin/bin
++ PATH=/usr/local/cuda:/usr/local/cuda:/home/modules/software/binutils/2.36.1-GCCcore-10.3.0/bin:/home/modules/software/GCCcore/10.3.0/bin:/home/energy/amawi/miniconda3/envs/pansatz/bin:/home/energy/amawi/miniconda3/condabin:/home/energy/amawi/.local/bin:/home/energy/amawi/bin:/usr/local/bin:/usr/bin:/usr/local/sbin:/usr/sbin:/opt/dell/srvadmin/bin
+ conda activate pansatz
+ local cmd=activate
+ case "$cmd" in
+ __conda_activate activate pansatz
+ '[' -n '' ']'
+ local ask_conda
++ PS1='(pansatz) '
++ __conda_exe shell.posix activate pansatz
++ __add_sys_prefix_to_path
++ '[' -n '' ']'
+++ dirname /home/energy/amawi/miniconda3/bin/conda
++ SYSP=/home/energy/amawi/miniconda3/bin
+++ dirname /home/energy/amawi/miniconda3/bin
++ SYSP=/home/energy/amawi/miniconda3
++ '[' -n '' ']'
++ PATH=/home/energy/amawi/miniconda3/bin:/usr/local/cuda:/usr/local/cuda:/home/modules/software/binutils/2.36.1-GCCcore-10.3.0/bin:/home/modules/software/GCCcore/10.3.0/bin:/home/energy/amawi/miniconda3/envs/pansatz/bin:/home/energy/amawi/miniconda3/condabin:/home/energy/amawi/.local/bin:/home/energy/amawi/bin:/usr/local/bin:/usr/bin:/usr/local/sbin:/usr/sbin:/opt/dell/srvadmin/bin
++ export PATH
++ /home/energy/amawi/miniconda3/bin/conda shell.posix activate pansatz
+ ask_conda='PS1='\''(pansatz) '\''
export PATH='\''/usr/local/cuda:/usr/local/cuda:/home/modules/software/binutils/2.36.1-GCCcore-10.3.0/bin:/home/modules/software/GCCcore/10.3.0/bin:/home/energy/amawi/miniconda3/envs/pansatz/bin:/home/energy/amawi/miniconda3/condabin:/home/energy/amawi/.local/bin:/home/energy/amawi/bin:/usr/local/bin:/usr/bin:/usr/local/sbin:/usr/sbin:/opt/dell/srvadmin/bin'\''
export CONDA_SHLVL='\''2'\''
export CONDA_PROMPT_MODIFIER='\''(pansatz) '\'''
+ eval 'PS1='\''(pansatz) '\''
export PATH='\''/usr/local/cuda:/usr/local/cuda:/home/modules/software/binutils/2.36.1-GCCcore-10.3.0/bin:/home/modules/software/GCCcore/10.3.0/bin:/home/energy/amawi/miniconda3/envs/pansatz/bin:/home/energy/amawi/miniconda3/condabin:/home/energy/amawi/.local/bin:/home/energy/amawi/bin:/usr/local/bin:/usr/bin:/usr/local/sbin:/usr/sbin:/opt/dell/srvadmin/bin'\''
export CONDA_SHLVL='\''2'\''
export CONDA_PROMPT_MODIFIER='\''(pansatz) '\'''
++ PS1='(pansatz) '
++ export PATH=/usr/local/cuda:/usr/local/cuda:/home/modules/software/binutils/2.36.1-GCCcore-10.3.0/bin:/home/modules/software/GCCcore/10.3.0/bin:/home/energy/amawi/miniconda3/envs/pansatz/bin:/home/energy/amawi/miniconda3/condabin:/home/energy/amawi/.local/bin:/home/energy/amawi/bin:/usr/local/bin:/usr/bin:/usr/local/sbin:/usr/sbin:/opt/dell/srvadmin/bin
++ PATH=/usr/local/cuda:/usr/local/cuda:/home/modules/software/binutils/2.36.1-GCCcore-10.3.0/bin:/home/modules/software/GCCcore/10.3.0/bin:/home/energy/amawi/miniconda3/envs/pansatz/bin:/home/energy/amawi/miniconda3/condabin:/home/energy/amawi/.local/bin:/home/energy/amawi/bin:/usr/local/bin:/usr/bin:/usr/local/sbin:/usr/sbin:/opt/dell/srvadmin/bin
++ export CONDA_SHLVL=2
++ CONDA_SHLVL=2
++ export 'CONDA_PROMPT_MODIFIER=(pansatz) '
++ CONDA_PROMPT_MODIFIER='(pansatz) '
+ __conda_hashr
+ '[' -n '' ']'
+ '[' -n '' ']'
+ hash -r
+ export MKL_NUM_THREADS=1
+ MKL_NUM_THREADS=1
+ export NUMEXPR_NUM_THREADS=1
+ NUMEXPR_NUM_THREADS=1
+ export OMP_NUM_THREADS=1
+ OMP_NUM_THREADS=1
+ export OPENBLAS_NUM_THREADS=1
+ OPENBLAS_NUM_THREADS=1
+ cd /home/energy/amawi/projects/nn_ansatz/src
+ echo -s HEG -sim 1 1 1 -nw 512 -n_sh 64 -n_ph 16 -nl 2 -n_det 1 -orb real_plane_waves -n_el 7 -inact bowl -act tanh -dp 1 -name 1211/inact_act2 -n_it 100000
-s HEG -sim 1 1 1 -nw 512 -n_sh 64 -n_ph 16 -nl 2 -n_det 1 -orb real_plane_waves -n_el 7 -inact bowl -act tanh -dp 1 -name 1211/inact_act2 -n_it 100000
+ python run_with_args.py -s HEG -sim 1 1 1 -nw 512 -n_sh 64 -n_ph 16 -nl 2 -n_det 1 -orb real_plane_waves -n_el 7 -inact bowl -act tanh -dp 1 -name 1211/inact_act2 -n_it 100000
{'system': 'HEG', 'n_walkers': 512, 'n_sh': 64, 'n_ph': 16, 'orbitals': 'real_plane_waves', 'n_el': 7, 'input_activation_nonlinearity': 'bowl', 'opt': 'kfac', 'n_det': 1, 'density_parameter': 1.0, 'lr': 0.0001, 'name': '1211/inact_act2', 'n_it': 100000, 'nonlinearity': 'tanh', 'simulation_cell': [1, 1, 1], 'n_layers': 2}
version 		 121121
seed 		 369
n_devices 		 1
save_every 		 5000
print_every 		 1000
exp_dir 		 /home/energy/amawi/projects/nn_ansatz/src/experiments/HEG/1211/inact_act2/kfac_1lr-4_1d-3_1nc-4_m512_s64_p16_l2_det1/run0
events_dir 		 /home/energy/amawi/projects/nn_ansatz/src/experiments/HEG/1211/inact_act2/kfac_1lr-4_1d-3_1nc-4_m512_s64_p16_l2_det1/run0/events
models_dir 		 /home/energy/amawi/projects/nn_ansatz/src/experiments/HEG/1211/inact_act2/kfac_1lr-4_1d-3_1nc-4_m512_s64_p16_l2_det1/run0/models
opt_state_dir 		 /home/energy/amawi/projects/nn_ansatz/src/experiments/HEG/1211/inact_act2/kfac_1lr-4_1d-3_1nc-4_m512_s64_p16_l2_det1/run0/models/opt_state
pre_path 		 /home/energy/amawi/projects/nn_ansatz/src/experiments/HEG/pretrained/s64_p16_l2_det1_1lr-4_i0.pk
timing_dir 		 /home/energy/amawi/projects/nn_ansatz/src/experiments/HEG/1211/inact_act2/kfac_1lr-4_1d-3_1nc-4_m512_s64_p16_l2_det1/run0/events/timing
csv_cfg_path 		 /home/energy/amawi/projects/nn_ansatz/src/experiments/HEG/1211/inact_act2/kfac_1lr-4_1d-3_1nc-4_m512_s64_p16_l2_det1/run0/config1.csv
pk_cfg_path 		 /home/energy/amawi/projects/nn_ansatz/src/experiments/HEG/1211/inact_act2/kfac_1lr-4_1d-3_1nc-4_m512_s64_p16_l2_det1/run0/config1.pk
pbc 		 True
basis 		 [[1. 0. 0.]
 [0. 1. 0.]
 [0. 0. 1.]]
scale_cell 		 1.0
spin_polarized 		 True
r_atoms 		 None
z_atoms 		 None
n_el 		 7
density_parameter 		 1.0
system 		 HEG
real_cut 		 6
reciprocal_cut 		 6
kappa 		 0.5
simulation_cell 		 [1, 1, 1]
n_layers 		 2
n_sh 		 64
n_ph 		 16
n_det 		 1
scalar_inputs 		 False
orbitals 		 real_plane_waves
einsum 		 False
nonlinearity 		 tanh
input_activation_nonlinearity 		 bowl
opt 		 kfac
lr 		 0.0001
damping 		 0.001
norm_constraint 		 0.0001
n_it 		 100000
load_it 		 0
n_walkers 		 512
n_walkers_per_device 		 512
step_size 		 0.05
correlation_length 		 10
pre_lr 		 0.0001
n_pre_it 		 0
load_pretrain 		 False
pretrain 		 False
Cell: 
 basis: 
 [[3.0836296 3.0836296 3.0836296]] 
 inv_basis: 
 [[0.32429317 0.32429317 0.32429317]] 
 reciprocal_basis: 
 [[2.0375938 0.        0.       ]
 [0.        2.0375938 0.       ]
 [0.        0.        2.0375938]] 
 real_cut         = 6.00 
 reciprocal_cut   = 6 
 kappa            = 0.50 
 volume           = 29.32 
 n_periodic_input = 1 

System: 
 n_atoms = 0 
 n_up    = 7 
 n_down  = 0 
 n_el    = 7 

Ansatz: 
 n_layers = 2 
 n_det    = 1 
 n_sh     = 64 
 n_ph     = 16 

creating wf
sampling no infs, this could take a while
end sampling no infs
creating wf
step 1000 | e_mean 7.8763 | e_std 0.3945 | e_mean_mean 7.8579 | acceptance 0.6855 | t_per_it 0.0835 |
step 2000 | e_mean 7.9013 | e_std 0.3783 | e_mean_mean 7.8600 | acceptance 0.6846 | t_per_it 0.0842 |
step 3000 | e_mean 7.8553 | e_std 0.3949 | e_mean_mean 7.8530 | acceptance 0.6939 | t_per_it 0.0843 |
step 4000 | e_mean 7.8382 | e_std 0.4082 | e_mean_mean 7.8567 | acceptance 0.6889 | t_per_it 0.0844 |
step 5000 | e_mean 7.8763 | e_std 0.5119 | e_mean_mean 7.8546 | acceptance 0.6832 | t_per_it 0.0842 |
step 6000 | e_mean 7.8387 | e_std 0.3830 | e_mean_mean 7.8549 | acceptance 0.6930 | t_per_it 0.0840 |
step 7000 | e_mean 7.8905 | e_std 0.7572 | e_mean_mean 7.8529 | acceptance 0.6900 | t_per_it 0.0840 |
step 8000 | e_mean 7.8469 | e_std 0.4052 | e_mean_mean 7.8536 | acceptance 0.6986 | t_per_it 0.0840 |
step 9000 | e_mean 7.8408 | e_std 0.3812 | e_mean_mean 7.8544 | acceptance 0.6859 | t_per_it 0.0841 |
step 10000 | e_mean 7.8597 | e_std 0.4056 | e_mean_mean 7.8546 | acceptance 0.6959 | t_per_it 0.0841 |
step 11000 | e_mean 7.8616 | e_std 0.4003 | e_mean_mean 7.8525 | acceptance 0.6818 | t_per_it 0.0841 |
step 12000 | e_mean 7.8587 | e_std 0.3803 | e_mean_mean 7.8535 | acceptance 0.6844 | t_per_it 0.0842 |
step 13000 | e_mean 7.8381 | e_std 0.3441 | e_mean_mean 7.8536 | acceptance 0.6775 | t_per_it 0.0842 |
step 14000 | e_mean 7.8491 | e_std 0.3542 | e_mean_mean 7.8541 | acceptance 0.6848 | t_per_it 0.0844 |
step 15000 | e_mean 7.8570 | e_std 0.4557 | e_mean_mean 7.8524 | acceptance 0.6939 | t_per_it 0.0844 |
step 16000 | e_mean 7.8305 | e_std 0.3508 | e_mean_mean 7.8532 | acceptance 0.6930 | t_per_it 0.0845 |
step 17000 | e_mean 7.8525 | e_std 0.3187 | e_mean_mean 7.8525 | acceptance 0.6785 | t_per_it 0.0845 |
step 18000 | e_mean 7.8743 | e_std 0.3611 | e_mean_mean 7.8516 | acceptance 0.6775 | t_per_it 0.0846 |
step 19000 | e_mean 7.8602 | e_std 0.3627 | e_mean_mean 7.8521 | acceptance 0.6766 | t_per_it 0.0846 |
step 20000 | e_mean 7.8240 | e_std 0.3209 | e_mean_mean 7.8519 | acceptance 0.6887 | t_per_it 0.0847 |
step 21000 | e_mean 7.8432 | e_std 0.3379 | e_mean_mean 7.8508 | acceptance 0.7016 | t_per_it 0.0848 |
step 22000 | e_mean 7.8521 | e_std 0.3562 | e_mean_mean 7.8512 | acceptance 0.6873 | t_per_it 0.0849 |
step 23000 | e_mean 7.8293 | e_std 0.3463 | e_mean_mean 7.8517 | acceptance 0.6813 | t_per_it 0.0850 |
step 24000 | e_mean 7.8656 | e_std 0.3778 | e_mean_mean 7.8523 | acceptance 0.6691 | t_per_it 0.0850 |
step 25000 | e_mean 7.8582 | e_std 0.3267 | e_mean_mean 7.8511 | acceptance 0.6881 | t_per_it 0.0851 |
step 26000 | e_mean 7.8328 | e_std 0.3187 | e_mean_mean 7.8507 | acceptance 0.6803 | t_per_it 0.0852 |
step 27000 | e_mean 7.8584 | e_std 0.3593 | e_mean_mean 7.8507 | acceptance 0.6781 | t_per_it 0.0853 |
step 28000 | e_mean 7.8583 | e_std 0.3496 | e_mean_mean 7.8514 | acceptance 0.6857 | t_per_it 0.0854 |
step 29000 | e_mean 7.8474 | e_std 0.3032 | e_mean_mean 7.8514 | acceptance 0.6873 | t_per_it 0.0855 |
step 30000 | e_mean 7.8683 | e_std 0.3490 | e_mean_mean 7.8514 | acceptance 0.6879 | t_per_it 0.0856 |
step 31000 | e_mean 7.8371 | e_std 0.3864 | e_mean_mean 7.8515 | acceptance 0.6850 | t_per_it 0.0857 |
step 32000 | e_mean 7.8712 | e_std 0.3169 | e_mean_mean 7.8511 | acceptance 0.6863 | t_per_it 0.0857 |
step 33000 | e_mean 7.8553 | e_std 0.3608 | e_mean_mean 7.8510 | acceptance 0.6756 | t_per_it 0.0858 |
step 34000 | e_mean 7.8485 | e_std 0.3469 | e_mean_mean 7.8511 | acceptance 0.6811 | t_per_it 0.0858 |
step 35000 | e_mean 7.8721 | e_std 0.3613 | e_mean_mean 7.8511 | acceptance 0.6850 | t_per_it 0.0859 |
step 36000 | e_mean 7.8611 | e_std 0.3252 | e_mean_mean 7.8513 | acceptance 0.6832 | t_per_it 0.0859 |
step 37000 | e_mean 7.8763 | e_std 0.4308 | e_mean_mean 7.8515 | acceptance 0.6979 | t_per_it 0.0860 |
step 38000 | e_mean 7.8499 | e_std 0.3432 | e_mean_mean 7.8515 | acceptance 0.6871 | t_per_it 0.0861 |
step 39000 | e_mean 7.8509 | e_std 0.3154 | e_mean_mean 7.8515 | acceptance 0.6789 | t_per_it 0.0862 |
step 40000 | e_mean 7.8538 | e_std 0.3480 | e_mean_mean 7.8513 | acceptance 0.6758 | t_per_it 0.0863 |
step 41000 | e_mean 7.8442 | e_std 0.3440 | e_mean_mean 7.8512 | acceptance 0.6906 | t_per_it 0.0864 |
step 42000 | e_mean 7.8436 | e_std 0.3421 | e_mean_mean 7.8511 | acceptance 0.6750 | t_per_it 0.0865 |
step 43000 | e_mean 7.8509 | e_std 0.3135 | e_mean_mean 7.8511 | acceptance 0.6764 | t_per_it 0.0866 |
step 44000 | e_mean 7.8627 | e_std 0.3680 | e_mean_mean 7.8510 | acceptance 0.6740 | t_per_it 0.0867 |
step 45000 | e_mean 7.8465 | e_std 0.3509 | e_mean_mean 7.8512 | acceptance 0.6854 | t_per_it 0.0867 |
step 46000 | e_mean 7.8306 | e_std 0.3447 | e_mean_mean 7.8513 | acceptance 0.6867 | t_per_it 0.0868 |
step 47000 | e_mean 7.8573 | e_std 0.3420 | e_mean_mean 7.8516 | acceptance 0.6832 | t_per_it 0.0869 |
step 48000 | e_mean 7.8483 | e_std 0.3097 | e_mean_mean 7.8516 | acceptance 0.6787 | t_per_it 0.0869 |
step 49000 | e_mean 7.8399 | e_std 0.3297 | e_mean_mean 7.8515 | acceptance 0.6852 | t_per_it 0.0870 |
step 50000 | e_mean 7.8434 | e_std 0.3127 | e_mean_mean 7.8515 | acceptance 0.6855 | t_per_it 0.0871 |
step 51000 | e_mean 7.8321 | e_std 0.3248 | e_mean_mean 7.8511 | acceptance 0.6854 | t_per_it 0.0871 |
step 52000 | e_mean 7.8763 | e_std 0.3813 | e_mean_mean 7.8510 | acceptance 0.6768 | t_per_it 0.0872 |
step 53000 | e_mean 7.8477 | e_std 0.3117 | e_mean_mean 7.8510 | acceptance 0.6857 | t_per_it 0.0872 |