{'system': 'HEG', 'n_walkers': 512, 'n_sh': 64, 'n_ph': 32, 'orbitals': 'real_plane_waves', 'n_el': 14, 'n_up': 7, 'input_activation_nonlinearity': '1sin+1cos', 'opt': 'kfac', 'n_det': 1, 'density_parameter': 1.0, 'lr': 0.001, 'atol': 1e-06, 'name': 'ActSweep', 'n_it': 10, 'nonlinearity': 'tanh', 'simulation_cell': (1, 1, 1), 'n_layers': 2, 'correlation_length': 10, 'n_pre_it': 500, 'pretrain': True, 'sweep': False, 'backflow_coords': True, 'jastrow': False, 'psplit_spins': True, 'target_acceptance': 0.5, 'seed': 0}
version 		 290822
seed 		 0
n_devices 		 1
save_every 		 5000
print_every 		 1000
name 		 ActSweep
exp_dir 		 /home/energy/amawi/projects/nn_ansatz/src/experiments/HEG/ActSweep/kfac_1lr-3_1d-4_1nc-4_m512_el14_s64_p32_l2_det1/run307680
events_dir 		 /home/energy/amawi/projects/nn_ansatz/src/experiments/HEG/ActSweep/kfac_1lr-3_1d-4_1nc-4_m512_el14_s64_p32_l2_det1/run307680/events
models_dir 		 /home/energy/amawi/projects/nn_ansatz/src/experiments/HEG/ActSweep/kfac_1lr-3_1d-4_1nc-4_m512_el14_s64_p32_l2_det1/run307680/models
opt_state_dir 		 /home/energy/amawi/projects/nn_ansatz/src/experiments/HEG/ActSweep/kfac_1lr-3_1d-4_1nc-4_m512_el14_s64_p32_l2_det1/run307680/models/opt_state
pre_path 		 /home/energy/amawi/projects/nn_ansatz/src/experiments/HEG/pretrained/el14_s64_p32_l2_det1_1lr-4_i500_real_plane_waves_tanh_1sin+1cos_dp1.0_111.pk
timing_dir 		 /home/energy/amawi/projects/nn_ansatz/src/experiments/HEG/ActSweep/kfac_1lr-3_1d-4_1nc-4_m512_el14_s64_p32_l2_det1/run307680/events/timing
csv_cfg_path 		 /home/energy/amawi/projects/nn_ansatz/src/experiments/HEG/ActSweep/kfac_1lr-3_1d-4_1nc-4_m512_el14_s64_p32_l2_det1/run307680/config1.csv
pk_cfg_path 		 /home/energy/amawi/projects/nn_ansatz/src/experiments/HEG/ActSweep/kfac_1lr-3_1d-4_1nc-4_m512_el14_s64_p32_l2_det1/run307680/config1.pk
pbc 		 True
basis 		 [[1. 0. 0.]
 [0. 1. 0.]
 [0. 0. 1.]]
scale_cell 		 1.0
spin_polarized 		 False
r_atoms 		 None
z_atoms 		 None
n_el 		 14
n_up 		 7
density_parameter 		 1.0
system 		 HEG
real_cut 		 6
reciprocal_cut 		 6
kappa 		 0.5
simulation_cell 		 (1, 1, 1)
atol 		 1e-06
n_layers 		 2
n_sh 		 64
n_ph 		 32
n_det 		 1
scalar_inputs 		 False
orbitals 		 real_plane_waves
einsum 		 False
nonlinearity 		 tanh
input_activation_nonlinearity 		 1sin+1cos
jastrow 		 False
backflow_coords 		 True
psplit_spins 		 True
opt 		 kfac
lr 		 0.001
damping 		 0.0001
norm_constraint 		 0.0001
n_it 		 10
load_it 		 0
n_walkers 		 512
n_walkers_per_device 		 512
step_size 		 0.02
correlation_length 		 10
target_acceptance 		 0.5
pre_lr 		 0.0001
n_pre_it 		 500
pretrain 		 True
Cell: 
 basis: 
 [[3.88513 3.88513 3.88513]] 
 inv_basis: 
 [[0.25739166 0.25739166 0.25739166]] 
 scale_cell:  
 3.885129937885507 
 reciprocal_basis: 
 [[1.6172394 0.        0.       ]
 [0.        1.6172394 0.       ]
 [0.        0.        1.6172394]] 
 kappa            = 0.50 
 
 volume           = 58.64 

System: 
 n_atoms = 0 
 n_up    = 7 
 n_down  = 7 
 n_el    = 14 

Ansatz: 
 n_layers = 2 
 n_det    = 1 
 n_sh     = 64 
 n_ph     = 32 

creating wf
sampling no infs, this could take a while
end sampling no infs
creating wf
creating wf
starting pretrain equilibration
starting pretraining
step 0 | loss 88.66
step 1 | loss 51.65
step 2 | loss 45.13
step 3 | loss 39.10
step 4 | loss 33.07
step 5 | loss 24.99
step 6 | loss 21.59
step 7 | loss 18.02
step 8 | loss 15.92
step 9 | loss 14.82
step 10 | loss 12.51
step 11 | loss 11.46
step 12 | loss 11.44
step 13 | loss 9.83
step 14 | loss 8.36
step 15 | loss 5.76
step 16 | loss 5.16
step 17 | loss 5.23
step 18 | loss 5.27
step 19 | loss 5.36
step 20 | loss 4.39
step 21 | loss 3.86
step 22 | loss 3.05
step 23 | loss 2.93
step 24 | loss 3.24
step 25 | loss 3.03
step 26 | loss 2.62
step 27 | loss 2.07
step 28 | loss 1.98
step 29 | loss 2.15
step 30 | loss 2.07
step 31 | loss 1.87
step 32 | loss 1.39
step 33 | loss 1.26
step 34 | loss 1.45
step 35 | loss 1.46
step 36 | loss 1.26
step 37 | loss 1.01
step 38 | loss 0.96
step 39 | loss 1.09
step 40 | loss 1.13
step 41 | loss 0.98
step 42 | loss 0.85
step 43 | loss 0.80
step 44 | loss 0.85
step 45 | loss 0.86
step 46 | loss 0.78
step 47 | loss 0.69
step 48 | loss 0.67
step 49 | loss 0.64
step 50 | loss 0.63
step 51 | loss 0.60
step 52 | loss 0.54
step 53 | loss 0.51
step 54 | loss 0.49
step 55 | loss 0.50
step 56 | loss 0.49
step 57 | loss 0.45
step 58 | loss 0.43
step 59 | loss 0.44
step 60 | loss 0.44
step 61 | loss 0.42
step 62 | loss 0.39
step 63 | loss 0.38
step 64 | loss 0.38
step 65 | loss 0.37
step 66 | loss 0.35
step 67 | loss 0.34
step 68 | loss 0.33
step 69 | loss 0.33
step 70 | loss 0.32
step 71 | loss 0.31
step 72 | loss 0.30
step 73 | loss 0.30
step 74 | loss 0.30
step 75 | loss 0.29
step 76 | loss 0.28
step 77 | loss 0.28
step 78 | loss 0.28
step 79 | loss 0.27
step 80 | loss 0.26
step 81 | loss 0.26
step 82 | loss 0.26
step 83 | loss 0.25
step 84 | loss 0.25
step 85 | loss 0.24
step 86 | loss 0.24
step 87 | loss 0.24
step 88 | loss 0.23
step 89 | loss 0.23
step 90 | loss 0.23
step 91 | loss 0.22
step 92 | loss 0.22
step 93 | loss 0.22
step 94 | loss 0.21
step 95 | loss 0.21
step 96 | loss 0.21
step 97 | loss 0.21
step 98 | loss 0.20
step 99 | loss 0.20
step 100 | loss 0.20
step 101 | loss 0.19
step 102 | loss 0.19
step 103 | loss 0.19
step 104 | loss 0.18
step 105 | loss 0.18
step 106 | loss 0.18
step 107 | loss 0.18
step 108 | loss 0.17
step 109 | loss 0.17
step 110 | loss 0.17
step 111 | loss 0.17
step 112 | loss 0.17
step 113 | loss 0.16
step 114 | loss 0.16
step 115 | loss 0.16
step 116 | loss 0.16
step 117 | loss 0.15
step 118 | loss 0.15
step 119 | loss 0.15
step 120 | loss 0.15
step 121 | loss 0.15
step 122 | loss 0.15
step 123 | loss 0.14
step 124 | loss 0.14
step 125 | loss 0.14
step 126 | loss 0.14
step 127 | loss 0.14
step 128 | loss 0.14
step 129 | loss 0.14
step 130 | loss 0.14
step 131 | loss 0.13
step 132 | loss 0.13
step 133 | loss 0.13
step 134 | loss 0.13
step 135 | loss 0.13
step 136 | loss 0.13
step 137 | loss 0.13
step 138 | loss 0.12
step 139 | loss 0.12
step 140 | loss 0.12
step 141 | loss 0.12
step 142 | loss 0.12
step 143 | loss 0.12
step 144 | loss 0.12
step 145 | loss 0.12
step 146 | loss 0.12
step 147 | loss 0.12
step 148 | loss 0.12
step 149 | loss 0.11
step 150 | loss 0.11
step 151 | loss 0.11
step 152 | loss 0.11
step 153 | loss 0.11
step 154 | loss 0.11
step 155 | loss 0.11
step 156 | loss 0.11
step 157 | loss 0.11
step 158 | loss 0.11
step 159 | loss 0.11
step 160 | loss 0.11
step 161 | loss 0.10
step 162 | loss 0.10
step 163 | loss 0.10
step 164 | loss 0.10
step 165 | loss 0.10
step 166 | loss 0.10
step 167 | loss 0.10
step 168 | loss 0.10
step 169 | loss 0.10
step 170 | loss 0.10
step 171 | loss 0.10
step 172 | loss 0.09
step 173 | loss 0.09
step 174 | loss 0.09
step 175 | loss 0.09
step 176 | loss 0.09
step 177 | loss 0.09
step 178 | loss 0.09
step 179 | loss 0.09
step 180 | loss 0.09
step 181 | loss 0.09
step 182 | loss 0.09
step 183 | loss 0.09
step 184 | loss 0.09
step 185 | loss 0.09
step 186 | loss 0.09
step 187 | loss 0.09
step 188 | loss 0.09
step 189 | loss 0.08
step 190 | loss 0.08
step 191 | loss 0.08
step 192 | loss 0.08
step 193 | loss 0.08
step 194 | loss 0.08
step 195 | loss 0.08
step 196 | loss 0.08
step 197 | loss 0.08
step 198 | loss 0.08
step 199 | loss 0.08
step 200 | loss 0.08
step 201 | loss 0.08
step 202 | loss 0.08
step 203 | loss 0.08
step 204 | loss 0.08
step 205 | loss 0.08
step 206 | loss 0.08
step 207 | loss 0.08
step 208 | loss 0.08
step 209 | loss 0.08
step 210 | loss 0.08
step 211 | loss 0.08
step 212 | loss 0.07
step 213 | loss 0.07
step 214 | loss 0.07
step 215 | loss 0.07
step 216 | loss 0.07
step 217 | loss 0.07
step 218 | loss 0.07
step 219 | loss 0.07
step 220 | loss 0.07
step 221 | loss 0.07
step 222 | loss 0.07
step 223 | loss 0.07
step 224 | loss 0.08
step 225 | loss 0.08
step 226 | loss 0.08
step 227 | loss 0.09
step 228 | loss 0.11
step 229 | loss 0.13
step 230 | loss 0.15
step 231 | loss 0.19
step 232 | loss 0.21
step 233 | loss 0.21
step 234 | loss 0.17
step 235 | loss 0.12
step 236 | loss 0.07
step 237 | loss 0.07
step 238 | loss 0.09
step 239 | loss 0.12
step 240 | loss 0.13
step 241 | loss 0.10
step 242 | loss 0.07
step 243 | loss 0.06
step 244 | loss 0.07
step 245 | loss 0.09
step 246 | loss 0.10
step 247 | loss 0.08
step 248 | loss 0.07
step 249 | loss 0.06
step 250 | loss 0.06
step 251 | loss 0.07
step 252 | loss 0.08
step 253 | loss 0.07
step 254 | loss 0.06
step 255 | loss 0.06
step 256 | loss 0.06
step 257 | loss 0.06
step 258 | loss 0.07
step 259 | loss 0.06
step 260 | loss 0.06
step 261 | loss 0.06
step 262 | loss 0.06
step 263 | loss 0.06
step 264 | loss 0.06
step 265 | loss 0.06
step 266 | loss 0.06
step 267 | loss 0.05
step 268 | loss 0.05
step 269 | loss 0.05
step 270 | loss 0.05
step 271 | loss 0.06
step 272 | loss 0.05
step 273 | loss 0.05
step 274 | loss 0.05
step 275 | loss 0.05
step 276 | loss 0.05
step 277 | loss 0.05
step 278 | loss 0.05
step 279 | loss 0.05
step 280 | loss 0.05
step 281 | loss 0.05
step 282 | loss 0.05
step 283 | loss 0.05
step 284 | loss 0.05
step 285 | loss 0.05
step 286 | loss 0.05
step 287 | loss 0.05
step 288 | loss 0.05
step 289 | loss 0.05
step 290 | loss 0.05
step 291 | loss 0.05
step 292 | loss 0.05
step 293 | loss 0.05
step 294 | loss 0.05
step 295 | loss 0.05
step 296 | loss 0.05
step 297 | loss 0.05
step 298 | loss 0.05
step 299 | loss 0.05
step 300 | loss 0.05
step 301 | loss 0.05
step 302 | loss 0.05
step 303 | loss 0.05
step 304 | loss 0.05
step 305 | loss 0.05
step 306 | loss 0.05
step 307 | loss 0.05
step 308 | loss 0.05
step 309 | loss 0.05
step 310 | loss 0.05
step 311 | loss 0.05
step 312 | loss 0.05
step 313 | loss 0.05
step 314 | loss 0.05
step 315 | loss 0.05
step 316 | loss 0.05
step 317 | loss 0.05
step 318 | loss 0.05
step 319 | loss 0.05
step 320 | loss 0.05
step 321 | loss 0.05
step 322 | loss 0.05
step 323 | loss 0.05
step 324 | loss 0.05
step 325 | loss 0.05
step 326 | loss 0.06
step 327 | loss 0.08
step 328 | loss 0.10
step 329 | loss 0.16
step 330 | loss 0.25
step 331 | loss 0.38
step 332 | loss 0.50
step 333 | loss 0.46
step 334 | loss 0.26
step 335 | loss 0.07
step 336 | loss 0.09
step 337 | loss 0.23
step 338 | loss 0.24
step 339 | loss 0.11
step 340 | loss 0.04
step 341 | loss 0.12
step 342 | loss 0.18
step 343 | loss 0.11
step 344 | loss 0.04
step 345 | loss 0.08
step 346 | loss 0.13
step 347 | loss 0.09
step 348 | loss 0.04
step 349 | loss 0.07
step 350 | loss 0.09
step 351 | loss 0.06
step 352 | loss 0.04
step 353 | loss 0.07
step 354 | loss 0.08
step 355 | loss 0.05
step 356 | loss 0.04
step 357 | loss 0.06
step 358 | loss 0.06
step 359 | loss 0.04
step 360 | loss 0.04
step 361 | loss 0.06
step 362 | loss 0.05
step 363 | loss 0.04
step 364 | loss 0.04
step 365 | loss 0.05
step 366 | loss 0.05
step 367 | loss 0.04
step 368 | loss 0.04
step 369 | loss 0.05
step 370 | loss 0.04
step 371 | loss 0.04
step 372 | loss 0.04
step 373 | loss 0.04
step 374 | loss 0.04
step 375 | loss 0.04
step 376 | loss 0.04
step 377 | loss 0.04
step 378 | loss 0.04
step 379 | loss 0.04
step 380 | loss 0.04
step 381 | loss 0.04
step 382 | loss 0.04
step 383 | loss 0.04
step 384 | loss 0.04
step 385 | loss 0.04
step 386 | loss 0.04
step 387 | loss 0.04
step 388 | loss 0.04
step 389 | loss 0.04
step 390 | loss 0.04
step 391 | loss 0.04
step 392 | loss 0.04
step 393 | loss 0.04
step 394 | loss 0.04
step 395 | loss 0.04
step 396 | loss 0.04
step 397 | loss 0.04
step 398 | loss 0.04
step 399 | loss 0.04
step 400 | loss 0.04
step 401 | loss 0.04
step 402 | loss 0.04
step 403 | loss 0.04
step 404 | loss 0.03
step 405 | loss 0.03
step 406 | loss 0.03
step 407 | loss 0.03
step 408 | loss 0.03
step 409 | loss 0.03
step 410 | loss 0.03
step 411 | loss 0.03
step 412 | loss 0.03
step 413 | loss 0.03
step 414 | loss 0.03
step 415 | loss 0.03
step 416 | loss 0.03
step 417 | loss 0.03
step 418 | loss 0.03
step 419 | loss 0.03
step 420 | loss 0.03
step 421 | loss 0.03
step 422 | loss 0.03
step 423 | loss 0.03
step 424 | loss 0.03
step 425 | loss 0.03
step 426 | loss 0.03
step 427 | loss 0.03
step 428 | loss 0.03
step 429 | loss 0.03
step 430 | loss 0.03
step 431 | loss 0.03
step 432 | loss 0.03
step 433 | loss 0.03
step 434 | loss 0.03
step 435 | loss 0.03
step 436 | loss 0.03
step 437 | loss 0.03
step 438 | loss 0.03
step 439 | loss 0.03
step 440 | loss 0.03
step 441 | loss 0.03
step 442 | loss 0.03
step 443 | loss 0.03
step 444 | loss 0.03
step 445 | loss 0.03
step 446 | loss 0.03
step 447 | loss 0.03
step 448 | loss 0.03
step 449 | loss 0.03
step 450 | loss 0.03
step 451 | loss 0.03
step 452 | loss 0.03
step 453 | loss 0.03
step 454 | loss 0.03
step 455 | loss 0.03
step 456 | loss 0.03
step 457 | loss 0.03
step 458 | loss 0.03
step 459 | loss 0.03
step 460 | loss 0.03
step 461 | loss 0.03
step 462 | loss 0.03
step 463 | loss 0.03
step 464 | loss 0.03
step 465 | loss 0.03
step 466 | loss 0.03
step 467 | loss 0.03
step 468 | loss 0.03
step 469 | loss 0.03
step 470 | loss 0.03
step 471 | loss 0.03
step 472 | loss 0.03
step 473 | loss 0.03
step 474 | loss 0.03
step 475 | loss 0.03
step 476 | loss 0.03
step 477 | loss 0.03
step 478 | loss 0.03
step 479 | loss 0.03
step 480 | loss 0.03
step 481 | loss 0.03
step 482 | loss 0.03
step 483 | loss 0.03
step 484 | loss 0.03
step 485 | loss 0.03
step 486 | loss 0.03
step 487 | loss 0.03
step 488 | loss 0.03
step 489 | loss 0.03
step 490 | loss 0.03
step 491 | loss 0.03
step 492 | loss 0.03
step 493 | loss 0.03
step 494 | loss 0.03
step 495 | loss 0.03
step 496 | loss 0.03
step 497 | loss 0.03
step 498 | loss 0.03
step 499 | loss 0.03
creating wf
sl_factors: 
 [1, 14, 98, 98, 1, 14, 98, 98, 1, 14, 98, 98, 7, 7, 7, 7]
creating wf
antisymmetry check:
swap ups || difference 0.00 sign difference 2.00
swap downs || difference 0.00 sign difference 2.00
Cell: 
 basis: 
 [[3.88513 3.88513 3.88513]] 
 inv_basis: 
 [[0.25739166 0.25739166 0.25739166]] 
 scale_cell:  
 3.885129937885507 
 reciprocal_basis: 
 [[1.6172394 0.        0.       ]
 [0.        1.6172394 0.       ]
 [0.        0.        1.6172394]] 
 kappa            = 0.50 
 
 volume           = 58.64 

System: 
 n_atoms = 0 
 n_up    = 7 
 n_down  = 7 
 n_el    = 14 

Ansatz: 
 n_layers = 2 
 n_det    = 1 
 n_sh     = 64 
 n_ph     = 32 

creating wf
sampling no infs, this could take a while
end sampling no infs
